<?xml version="1.0" encoding="UTF-8"?>
<!-- Generated by org.testng.reporters.JUnitXMLReporter -->
<testsuite hostname="CA04WLVA4652" name="ASCP Reports Smoke Test" tests="4" failures="0" timestamp="9 Sep 2015 23:07:39 GMT" time="37.569" errors="0">
  <testcase name="launchURLTestypLocal" time="11.006" classname="report.test.Test_ypLocalAds"/>
  <testcase name="ypLocalAdsOverviewTest" time="6.217" classname="report.test.Test_ypLocalAds"/>
  <testcase name="launchURLTestypReal" time="16.316" classname="report.test.Test_ypRealYellowPages"/>
  <testcase name="ypRealYellowPagesOverviewTest" time="4.012" classname="report.test.Test_ypRealYellowPages"/>
</testsuite> <!-- ASCP Reports Smoke Test -->
