<?xml version="1.0" encoding="UTF-8"?>
<testsuite name="TestSuite" time="422.049" tests="16" errors="0" skipped="3" failures="3">
  <properties>
[...]
</properties>
  <testcase name="launchURLTestypLocal" classname="report.test.Test_ypLocalAds" time="125.411"/>
  <testcase name="launchURLTestypLocal" classname="report.test.Test_ypLocalAds" time="71.724"/>
  <testcase name="ypLocalAdsOverviewTest" classname="report.test.Test_ypLocalAds" time="10.678">
    <failure message="Unable to locate element: {&quot;method&quot;:&quot;xpath&quot;,&quot;selector&quot;:&quot;//*[@id=&apos;selectedListing&apos;]/span&quot;}&#10;Command duration or timeout: 10.23 seconds&#10;For documentation on this error, please visit: http://seleniumhq.org/exceptions/no_such_element.html&#10;Build info: version: &apos;2.45.0&apos;, revision: &apos;5017cb8e7ca8e37638dc3091b2440b90a1d8686f&apos;, time: &apos;2015-02-27 09:10:26&apos;&#10;System info: host: &apos;CA04WLVA4652&apos;, ip: &apos;10.65.172.205&apos;, os.name: &apos;Windows 7&apos;, os.arch: &apos;amd64&apos;, os.version: &apos;6.1&apos;, java.version: &apos;1.7.0_79&apos;&#10;*** Element info: {Using=xpath, value=//*[@id=&apos;selectedListing&apos;]/span}&#10;Session ID: 19162545-954f-40bb-bdb2-ee631fe1374e&#10;Driver info: org.openqa.selenium.firefox.FirefoxDriver&#10;Capabilities [{platform=WINDOWS, acceptSslCerts=true, javascriptEnabled=true, cssSelectorsEnabled=true, databaseEnabled=true, browserName=firefox, handlesAlerts=true, nativeEvents=false, webStorageEnabled=true, rotatable=false, locationContextEnabled=true, applicationCacheEnabled=true, takesScreenshot=true, version=40.0.3}]" type="org.openqa.selenium.NoSuchElementException"><![CDATA[org.openqa.selenium.NoSuchElementException: Unable to locate element: {"method":"xpath","selector":"//*[@id='selectedListing']/span"}
Command duration or timeout: 10.23 seconds
For documentation on this error, please visit: http://seleniumhq.org/exceptions/no_such_element.html
Build info: version: '2.45.0', revision: '5017cb8e7ca8e37638dc3091b2440b90a1d8686f', time: '2015-02-27 09:10:26'
System info: host: 'CA04WLVA4652', ip: '10.65.172.205', os.name: 'Windows 7', os.arch: 'amd64', os.version: '6.1', java.version: '1.7.0_79'
*** Element info: {Using=xpath, value=//*[@id='selectedListing']/span}
Session ID: 19162545-954f-40bb-bdb2-ee631fe1374e
Driver info: org.openqa.selenium.firefox.FirefoxDriver
Capabilities [{platform=WINDOWS, acceptSslCerts=true, javascriptEnabled=true, cssSelectorsEnabled=true, databaseEnabled=true, browserName=firefox, handlesAlerts=true, nativeEvents=false, webStorageEnabled=true, rotatable=false, locationContextEnabled=true, applicationCacheEnabled=true, takesScreenshot=true, version=40.0.3}]
	at sun.reflect.NativeConstructorAccessorImpl.newInstance0(Native Method)
	at sun.reflect.NativeConstructorAccessorImpl.newInstance(NativeConstructorAccessorImpl.java:57)
	at sun.reflect.DelegatingConstructorAccessorImpl.newInstance(DelegatingConstructorAccessorImpl.java:45)
	at java.lang.reflect.Constructor.newInstance(Constructor.java:526)
	at org.openqa.selenium.remote.ErrorHandler.createThrowable(ErrorHandler.java:204)
	at org.openqa.selenium.remote.ErrorHandler.throwIfResponseFailed(ErrorHandler.java:156)
	at org.openqa.selenium.remote.RemoteWebDriver.execute(RemoteWebDriver.java:599)
	at org.openqa.selenium.remote.RemoteWebDriver.findElement(RemoteWebDriver.java:352)
	at org.openqa.selenium.remote.RemoteWebDriver.findElementByXPath(RemoteWebDriver.java:449)
	at org.openqa.selenium.By$ByXPath.findElement(By.java:357)
	at org.openqa.selenium.remote.RemoteWebDriver.findElement(RemoteWebDriver.java:344)
	at report.pages.ypLocalAds.ypLocalAdsOverview(ypLocalAds.java:133)
	at report.test.Test_ypLocalAds.ypLocalAdsOverviewTest(Test_ypLocalAds.java:120)
Caused by: org.openqa.selenium.NoSuchElementException: Unable to locate element: {"method":"xpath","selector":"//*[@id='selectedListing']/span"}
For documentation on this error, please visit: http://seleniumhq.org/exceptions/no_such_element.html
Build info: version: '2.45.0', revision: '5017cb8e7ca8e37638dc3091b2440b90a1d8686f', time: '2015-02-27 09:10:26'
System info: host: 'CA04WLVA4652', ip: '10.65.172.205', os.name: 'Windows 7', os.arch: 'amd64', os.version: '6.1', java.version: '1.7.0_79'
Driver info: driver.version: unknown
	at <anonymous class>.FirefoxDriver.prototype.findElementInternal_(file:///C:/Windows/TEMP/anonymous45200382108589651webdriver-profile/extensions/fxdriver@googlecode.com/components/driver-component.js:10271)
	at <anonymous class>.fxdriver.Timer.prototype.setTimeout/<.notify(file:///C:/Windows/TEMP/anonymous45200382108589651webdriver-profile/extensions/fxdriver@googlecode.com/components/driver-component.js:603)
]]></failure>
    <system-out><![CDATA[Success - launchURLTestypLocal
overview is clicked
GuestMode is true
]]></system-out>
  </testcase>
  <testcase name="ypLocalAdsOverviewTest" classname="report.test.Test_ypLocalAds" time="5.403"/>
  <testcase name="ypLocalAdsTopSectionTest" classname="report.test.Test_ypLocalAds" time="0">
    <skipped/>
    <system-out><![CDATA[Success - ypLocalAdsOverviewTest
]]></system-out>
  </testcase>
  <testcase name="ypLocalAdsTopSectionTest" classname="report.test.Test_ypLocalAds" time="0.937"/>
  <testcase name="launchURLTestypReal" classname="report.test.Test_ypRealYellowPages" time="77.239"/>
  <testcase name="ypRealYellowPagesOverviewTest" classname="report.test.Test_ypRealYellowPages" time="4.437"/>
  <testcase name="launchURLTestypDisplay" classname="report.test.Test_ypDisplay" time="25.425"/>
  <testcase name="ypDispalyOverviewTest" classname="report.test.Test_ypDisplay" time="14.252"/>
  <testcase name="ypDisplayBottomSectionTest" classname="report.test.Test_ypDisplay" time="71.832">
    <failure message="Multiple failures (15):nnFailure 1 of 15:norg.openqa.selenium.NoSuchElementException: Unable to locate element: {&quot;method&quot;:&quot;xpath&quot;,&quot;selector&quot;:&quot;//*[@id=&apos;ibar&apos;]/div[5]/div[3]/table/tbody/tr[4]/td/h3&quot;}&#10;Command duration or timeout: 10.19 seconds&#10;For documentation on this error, please visit: http://seleniumhq.org/exceptions/no_such_element.html&#10;Build info: version: &apos;2.45.0&apos;, revision: &apos;5017cb8e7ca8e37638dc3091b2440b90a1d8686f&apos;, time: &apos;2015-02-27 09:10:26&apos;&#10;System info: host: &apos;CA04WLVA4652&apos;, ip: &apos;10.65.172.205&apos;, os.name: &apos;Windows 7&apos;, os.arch: &apos;amd64&apos;, os.version: &apos;6.1&apos;, java.version: &apos;1.7.0_79&apos;&#10;*** Element info: {Using=xpath, value=//*[@id=&apos;ibar&apos;]/div[5]/div[3]/table/tbody/tr[4]/td/h3}&#10;Session ID: 19162545-954f-40bb-bdb2-ee631fe1374e&#10;Driver info: org.openqa.selenium.firefox.FirefoxDriver&#10;Capabilities [{platform=WINDOWS, acceptSslCerts=true, javascriptEnabled=true, cssSelectorsEnabled=true, databaseEnabled=true, browserName=firefox, handlesAlerts=true, nativeEvents=false, webStorageEnabled=true, rotatable=false, locationContextEnabled=true, applicationCacheEnabled=true, takesScreenshot=true, version=40.0.3}]&#10;	at sun.reflect.NativeConstructorAccessorImpl.newInstance0(Native Method)&#10;	at sun.reflect.NativeConstructorAccessorImpl.newInstance(NativeConstructorAccessorImpl.java:57)&#10;	at sun.reflect.DelegatingConstructorAccessorImpl.newInstance(DelegatingConstructorAccessorImpl.java:45)&#10;	at java.lang.reflect.Constructor.newInstance(Constructor.java:526)&#10;	at org.openqa.selenium.remote.ErrorHandler.createThrowable(ErrorHandler.java:204)&#10;	at org.openqa.selenium.remote.ErrorHandler.throwIfResponseFailed(ErrorHandler.java:156)&#10;	at org.openqa.selenium.remote.RemoteWebDriver.execute(RemoteWebDriver.java:599)&#10;	at org.openqa.selenium.remote.RemoteWebDriver.findElement(RemoteWebDriver.java:352)&#10;	at org.openqa.selenium.remote.RemoteWebDriver.findElementByXPath(RemoteWebDriver.java:449)&#10;	at org.openqa.selenium.By$ByXPath.findElement(By.java:357)&#10;	at org.openqa.selenium.remote.RemoteWebDriver.findElement(RemoteWebDriver.java:344)&#10;	at report.test.TestBase.isElementPresentWithWait(TestBase.java:136)&#10;	at report.pages.ypDisplay.ypDisplayBottomSection(ypDisplay.java:166)&#10;	at report.test.Test_ypDisplay.ypDisplayBottomSectionTest(Test_ypDisplay.java:148)&#10;	at sun.reflect.NativeMethodAccessorImpl.invoke0(Native Method)&#10;	at sun.reflect.NativeMethodAccessorImpl.invoke(NativeMethodAccessorImpl.java:57)&#10;	at sun.reflect.DelegatingMethodAccessorImpl.invoke(DelegatingMethodAccessorImpl.java:43)&#10;	at java.lang.reflect.Method.invoke(Method.java:606)&#10;	at org.testng.internal.MethodInvocationHelper.invokeMethod(MethodInvocationHelper.java:85)&#10;	at org.testng.internal.Invoker.invokeMethod(Invoker.java:659)&#10;	at org.testng.internal.Invoker.invokeTestMethod(Invoker.java:845)&#10;	at org.testng.internal.Invoker.invokeTestMethods(Invoker.java:1153)&#10;	at org.testng.internal.TestMethodWorker.invokeTestMethods(TestMethodWorker.java:125)&#10;	at org.testng.internal.TestMethodWorker.run(TestMethodWorker.java:108)&#10;	at org.testng.TestRunner.privateRun(TestRunner.java:771)&#10;	at org.testng.TestRunner.run(TestRunner.java:621)&#10;	at org.testng.SuiteRunner.runTest(SuiteRunner.java:357)&#10;	at org.testng.SuiteRunner.runSequentially(SuiteRunner.java:352)&#10;	at org.testng.SuiteRunner.privateRun(SuiteRunner.java:310)&#10;	at org.testng.SuiteRunner.run(SuiteRunner.java:259)&#10;	at org.testng.SuiteRunnerWorker.runSuite(SuiteRunnerWorker.java:52)&#10;	at org.testng.SuiteRunnerWorker.run(SuiteRunnerWorker.java:86)&#10;	at org.testng.TestNG.runSuitesSequentially(TestNG.java:1199)&#10;	at org.testng.TestNG.runSuitesSequentially(TestNG.java:1195)&#10;	at org.testng.TestNG.runSuitesLocally(TestNG.java:1124)&#10;	at org.testng.TestNG.run(TestNG.java:1032)&#10;	at org.apache.maven.surefire.testng.TestNGExecutor.run(TestNGExecutor.java:295)&#10;	at org.apache.maven.surefire.testng.TestNGXmlTestSuite.execute(TestNGXmlTestSuite.java:84)&#10;	at org.apache.maven.surefire.testng.TestNGProvider.invoke(TestNGProvider.java:90)&#10;	at org.apache.maven.surefire.booter.ForkedBooter.invokeProviderInSameClassLoader(ForkedBooter.java:203)&#10;	at org.apache.maven.surefire.booter.ForkedBooter.runSuitesInProcess(ForkedBooter.java:155)&#10;	at org.apache.maven.surefire.booter.ForkedBooter.main(ForkedBooter.java:103)&#10;Caused by: org.openqa.selenium.NoSuchElementException: Unable to locate element: {&quot;method&quot;:&quot;xpath&quot;,&quot;selector&quot;:&quot;//*[@id=&apos;ibar&apos;]/div[5]/div[3]/table/tbody/tr[4]/td/h3&quot;}&#10;For documentation on this error, please visit: http://seleniumhq.org/exceptions/no_such_element.html&#10;Build info: version: &apos;2.45.0&apos;, revision: &apos;5017cb8e7ca8e37638dc3091b2440b90a1d8686f&apos;, time: &apos;2015-02-27 09:10:26&apos;&#10;System info: host: &apos;CA04WLVA4652&apos;, ip: &apos;10.65.172.205&apos;, os.name: &apos;Windows 7&apos;, os.arch: &apos;amd64&apos;, os.version: &apos;6.1&apos;, java.version: &apos;1.7.0_79&apos;&#10;Driver info: driver.version: unknown&#10;	at &lt;anonymous class&gt;.FirefoxDriver.prototype.findElementInternal_(file:///C:/Windows/TEMP/anonymous45200382108589651webdriver-profile/extensions/fxdriver@googlecode.com/components/driver-component.js:10271)&#10;	at &lt;anonymous class&gt;.fxdriver.Timer.prototype.setTimeout/&lt;.notify(file:///C:/Windows/TEMP/anonymous45200382108589651webdriver-profile/extensions/fxdriver@googlecode.com/components/driver-component.js:603)&#10;nnFailure 2 of 15:njava.lang.AssertionError: expected [true] but found [false]&#10;	at org.testng.Assert.fail(Assert.java:94)&#10;	at org.testng.Assert.failNotEquals(Assert.java:496)&#10;	at org.testng.Assert.assertTrue(Assert.java:42)&#10;	at org.testng.Assert.assertTrue(Assert.java:52)&#10;	at report.pages.ypDisplay.ypDisplayBottomSection(ypDisplay.java:166)&#10;	at report.test.Test_ypDisplay.ypDisplayBottomSectionTest(Test_ypDisplay.java:148)&#10;	at sun.reflect.NativeMethodAccessorImpl.invoke0(Native Method)&#10;	at sun.reflect.NativeMethodAccessorImpl.invoke(NativeMethodAccessorImpl.java:57)&#10;	at sun.reflect.DelegatingMethodAccessorImpl.invoke(DelegatingMethodAccessorImpl.java:43)&#10;	at java.lang.reflect.Method.invoke(Method.java:606)&#10;	at org.testng.internal.MethodInvocationHelper.invokeMethod(MethodInvocationHelper.java:85)&#10;	at org.testng.internal.Invoker.invokeMethod(Invoker.java:659)&#10;	at org.testng.internal.Invoker.invokeTestMethod(Invoker.java:845)&#10;	at org.testng.internal.Invoker.invokeTestMethods(Invoker.java:1153)&#10;	at org.testng.internal.TestMethodWorker.invokeTestMethods(TestMethodWorker.java:125)&#10;	at org.testng.internal.TestMethodWorker.run(TestMethodWorker.java:108)&#10;	at org.testng.TestRunner.privateRun(TestRunner.java:771)&#10;	at org.testng.TestRunner.run(TestRunner.java:621)&#10;	at org.testng.SuiteRunner.runTest(SuiteRunner.java:357)&#10;	at org.testng.SuiteRunner.runSequentially(SuiteRunner.java:352)&#10;	at org.testng.SuiteRunner.privateRun(SuiteRunner.java:310)&#10;	at org.testng.SuiteRunner.run(SuiteRunner.java:259)&#10;	at org.testng.SuiteRunnerWorker.runSuite(SuiteRunnerWorker.java:52)&#10;	at org.testng.SuiteRunnerWorker.run(SuiteRunnerWorker.java:86)&#10;	at org.testng.TestNG.runSuitesSequentially(TestNG.java:1199)&#10;	at org.testng.TestNG.runSuitesSequentially(TestNG.java:1195)&#10;	at org.testng.TestNG.runSuitesLocally(TestNG.java:1124)&#10;	at org.testng.TestNG.run(TestNG.java:1032)&#10;	at org.apache.maven.surefire.testng.TestNGExecutor.run(TestNGExecutor.java:295)&#10;	at org.apache.maven.surefire.testng.TestNGXmlTestSuite.execute(TestNGXmlTestSuite.java:84)&#10;	at org.apache.maven.surefire.testng.TestNGProvider.invoke(TestNGProvider.java:90)&#10;	at org.apache.maven.surefire.booter.ForkedBooter.invokeProviderInSameClassLoader(ForkedBooter.java:203)&#10;	at org.apache.maven.surefire.booter.ForkedBooter.runSuitesInProcess(ForkedBooter.java:155)&#10;	at org.apache.maven.surefire.booter.ForkedBooter.main(ForkedBooter.java:103)&#10;nnFailure 3 of 15:norg.openqa.selenium.NoSuchElementException: Unable to locate element: {&quot;method&quot;:&quot;xpath&quot;,&quot;selector&quot;:&quot;//*[@id=&apos;ibar&apos;]/div[5]/div[3]/table/tbody/tr[5]/td[2]/div/div[2]&quot;}&#10;Command duration or timeout: 10.18 seconds&#10;For documentation on this error, please visit: http://seleniumhq.org/exceptions/no_such_element.html&#10;Build info: version: &apos;2.45.0&apos;, revision: &apos;5017cb8e7ca8e37638dc3091b2440b90a1d8686f&apos;, time: &apos;2015-02-27 09:10:26&apos;&#10;System info: host: &apos;CA04WLVA4652&apos;, ip: &apos;10.65.172.205&apos;, os.name: &apos;Windows 7&apos;, os.arch: &apos;amd64&apos;, os.version: &apos;6.1&apos;, java.version: &apos;1.7.0_79&apos;&#10;*** Element info: {Using=xpath, value=//*[@id=&apos;ibar&apos;]/div[5]/div[3]/table/tbody/tr[5]/td[2]/div/div[2]}&#10;Session ID: 19162545-954f-40bb-bdb2-ee631fe1374e&#10;Driver info: org.openqa.selenium.firefox.FirefoxDriver&#10;Capabilities [{platform=WINDOWS, acceptSslCerts=true, javascriptEnabled=true, cssSelectorsEnabled=true, databaseEnabled=true, browserName=firefox, handlesAlerts=true, nativeEvents=false, webStorageEnabled=true, rotatable=false, locationContextEnabled=true, applicationCacheEnabled=true, takesScreenshot=true, version=40.0.3}]&#10;	at sun.reflect.NativeConstructorAccessorImpl.newInstance0(Native Method)&#10;	at sun.reflect.NativeConstructorAccessorImpl.newInstance(NativeConstructorAccessorImpl.java:57)&#10;	at sun.reflect.DelegatingConstructorAccessorImpl.newInstance(DelegatingConstructorAccessorImpl.java:45)&#10;	at java.lang.reflect.Constructor.newInstance(Constructor.java:526)&#10;	at org.openqa.selenium.remote.ErrorHandler.createThrowable(ErrorHandler.java:204)&#10;	at org.openqa.selenium.remote.ErrorHandler.throwIfResponseFailed(ErrorHandler.java:156)&#10;	at org.openqa.selenium.remote.RemoteWebDriver.execute(RemoteWebDriver.java:599)&#10;	at org.openqa.selenium.remote.RemoteWebDriver.findElement(RemoteWebDriver.java:352)&#10;	at org.openqa.selenium.remote.RemoteWebDriver.findElementByXPath(RemoteWebDriver.java:449)&#10;	at org.openqa.selenium.By$ByXPath.findElement(By.java:357)&#10;	at org.openqa.selenium.remote.RemoteWebDriver.findElement(RemoteWebDriver.java:344)&#10;	at report.test.TestBase.isElementPresentWithWait(TestBase.java:136)&#10;	at report.pages.ypDisplay.ypDisplayBottomSection(ypDisplay.java:166)&#10;	at report.test.Test_ypDisplay.ypDisplayBottomSectionTest(Test_ypDisplay.java:148)&#10;	at sun.reflect.NativeMethodAccessorImpl.invoke0(Native Method)&#10;	at sun.reflect.NativeMethodAccessorImpl.invoke(NativeMethodAccessorImpl.java:57)&#10;	at sun.reflect.DelegatingMethodAccessorImpl.invoke(DelegatingMethodAccessorImpl.java:43)&#10;	at java.lang.reflect.Method.invoke(Method.java:606)&#10;	at org.testng.internal.MethodInvocationHelper.invokeMethod(MethodInvocationHelper.java:85)&#10;	at org.testng.internal.Invoker.invokeMethod(Invoker.java:659)&#10;	at org.testng.internal.Invoker.invokeTestMethod(Invoker.java:845)&#10;	at org.testng.internal.Invoker.invokeTestMethods(Invoker.java:1153)&#10;	at org.testng.internal.TestMethodWorker.invokeTestMethods(TestMethodWorker.java:125)&#10;	at org.testng.internal.TestMethodWorker.run(TestMethodWorker.java:108)&#10;	at org.testng.TestRunner.privateRun(TestRunner.java:771)&#10;	at org.testng.TestRunner.run(TestRunner.java:621)&#10;	at org.testng.SuiteRunner.runTest(SuiteRunner.java:357)&#10;	at org.testng.SuiteRunner.runSequentially(SuiteRunner.java:352)&#10;	at org.testng.SuiteRunner.privateRun(SuiteRunner.java:310)&#10;	at org.testng.SuiteRunner.run(SuiteRunner.java:259)&#10;	at org.testng.SuiteRunnerWorker.runSuite(SuiteRunnerWorker.java:52)&#10;	at org.testng.SuiteRunnerWorker.run(SuiteRunnerWorker.java:86)&#10;	at org.testng.TestNG.runSuitesSequentially(TestNG.java:1199)&#10;	at org.testng.TestNG.runSuitesSequentially(TestNG.java:1195)&#10;	at org.testng.TestNG.runSuitesLocally(TestNG.java:1124)&#10;	at org.testng.TestNG.run(TestNG.java:1032)&#10;	at org.apache.maven.surefire.testng.TestNGExecutor.run(TestNGExecutor.java:295)&#10;	at org.apache.maven.surefire.testng.TestNGXmlTestSuite.execute(TestNGXmlTestSuite.java:84)&#10;	at org.apache.maven.surefire.testng.TestNGProvider.invoke(TestNGProvider.java:90)&#10;	at org.apache.maven.surefire.booter.ForkedBooter.invokeProviderInSameClassLoader(ForkedBooter.java:203)&#10;	at org.apache.maven.surefire.booter.ForkedBooter.runSuitesInProcess(ForkedBooter.java:155)&#10;	at org.apache.maven.surefire.booter.ForkedBooter.main(ForkedBooter.java:103)&#10;Caused by: org.openqa.selenium.NoSuchElementException: Unable to locate element: {&quot;method&quot;:&quot;xpath&quot;,&quot;selector&quot;:&quot;//*[@id=&apos;ibar&apos;]/div[5]/div[3]/table/tbody/tr[5]/td[2]/div/div[2]&quot;}&#10;For documentation on this error, please visit: http://seleniumhq.org/exceptions/no_such_element.html&#10;Build info: version: &apos;2.45.0&apos;, revision: &apos;5017cb8e7ca8e37638dc3091b2440b90a1d8686f&apos;, time: &apos;2015-02-27 09:10:26&apos;&#10;System info: host: &apos;CA04WLVA4652&apos;, ip: &apos;10.65.172.205&apos;, os.name: &apos;Windows 7&apos;, os.arch: &apos;amd64&apos;, os.version: &apos;6.1&apos;, java.version: &apos;1.7.0_79&apos;&#10;Driver info: driver.version: unknown&#10;	at &lt;anonymous class&gt;.FirefoxDriver.prototype.findElementInternal_(file:///C:/Windows/TEMP/anonymous45200382108589651webdriver-profile/extensions/fxdriver@googlecode.com/components/driver-component.js:10271)&#10;	at &lt;anonymous class&gt;.fxdriver.Timer.prototype.setTimeout/&lt;.notify(file:///C:/Windows/TEMP/anonymous45200382108589651webdriver-profile/extensions/fxdriver@googlecode.com/components/driver-component.js:603)&#10;nnFailure 4 of 15:njava.lang.AssertionError: expected [true] but found [false]&#10;	at org.testng.Assert.fail(Assert.java:94)&#10;	at org.testng.Assert.failNotEquals(Assert.java:496)&#10;	at org.testng.Assert.assertTrue(Assert.java:42)&#10;	at org.testng.Assert.assertTrue(Assert.java:52)&#10;	at report.pages.ypDisplay.ypDisplayBottomSection(ypDisplay.java:166)&#10;	at report.test.Test_ypDisplay.ypDisplayBottomSectionTest(Test_ypDisplay.java:148)&#10;	at sun.reflect.NativeMethodAccessorImpl.invoke0(Native Method)&#10;	at sun.reflect.NativeMethodAccessorImpl.invoke(NativeMethodAccessorImpl.java:57)&#10;	at sun.reflect.DelegatingMethodAccessorImpl.invoke(DelegatingMethodAccessorImpl.java:43)&#10;	at java.lang.reflect.Method.invoke(Method.java:606)&#10;	at org.testng.internal.MethodInvocationHelper.invokeMethod(MethodInvocationHelper.java:85)&#10;	at org.testng.internal.Invoker.invokeMethod(Invoker.java:659)&#10;	at org.testng.internal.Invoker.invokeTestMethod(Invoker.java:845)&#10;	at org.testng.internal.Invoker.invokeTestMethods(Invoker.java:1153)&#10;	at org.testng.internal.TestMethodWorker.invokeTestMethods(TestMethodWorker.java:125)&#10;	at org.testng.internal.TestMethodWorker.run(TestMethodWorker.java:108)&#10;	at org.testng.TestRunner.privateRun(TestRunner.java:771)&#10;	at org.testng.TestRunner.run(TestRunner.java:621)&#10;	at org.testng.SuiteRunner.runTest(SuiteRunner.java:357)&#10;	at org.testng.SuiteRunner.runSequentially(SuiteRunner.java:352)&#10;	at org.testng.SuiteRunner.privateRun(SuiteRunner.java:310)&#10;	at org.testng.SuiteRunner.run(SuiteRunner.java:259)&#10;	at org.testng.SuiteRunnerWorker.runSuite(SuiteRunnerWorker.java:52)&#10;	at org.testng.SuiteRunnerWorker.run(SuiteRunnerWorker.java:86)&#10;	at org.testng.TestNG.runSuitesSequentially(TestNG.java:1199)&#10;	at org.testng.TestNG.runSuitesSequentially(TestNG.java:1195)&#10;	at org.testng.TestNG.runSuitesLocally(TestNG.java:1124)&#10;	at org.testng.TestNG.run(TestNG.java:1032)&#10;	at org.apache.maven.surefire.testng.TestNGExecutor.run(TestNGExecutor.java:295)&#10;	at org.apache.maven.surefire.testng.TestNGXmlTestSuite.execute(TestNGXmlTestSuite.java:84)&#10;	at org.apache.maven.surefire.testng.TestNGProvider.invoke(TestNGProvider.java:90)&#10;	at org.apache.maven.surefire.booter.ForkedBooter.invokeProviderInSameClassLoader(ForkedBooter.java:203)&#10;	at org.apache.maven.surefire.booter.ForkedBooter.runSuitesInProcess(ForkedBooter.java:155)&#10;	at org.apache.maven.surefire.booter.ForkedBooter.main(ForkedBooter.java:103)&#10;nnFailure 5 of 15:norg.openqa.selenium.NoSuchElementException: Unable to locate element: {&quot;method&quot;:&quot;xpath&quot;,&quot;selector&quot;:&quot;//*[@id=&apos;ibar&apos;]/div[5]/div[3]/table/tbody/tr[2]/td[1]/div/div[2]&quot;}&#10;Command duration or timeout: 10.14 seconds&#10;For documentation on this error, please visit: http://seleniumhq.org/exceptions/no_such_element.html&#10;Build info: version: &apos;2.45.0&apos;, revision: &apos;5017cb8e7ca8e37638dc3091b2440b90a1d8686f&apos;, time: &apos;2015-02-27 09:10:26&apos;&#10;System info: host: &apos;CA04WLVA4652&apos;, ip: &apos;10.65.172.205&apos;, os.name: &apos;Windows 7&apos;, os.arch: &apos;amd64&apos;, os.version: &apos;6.1&apos;, java.version: &apos;1.7.0_79&apos;&#10;*** Element info: {Using=xpath, value=//*[@id=&apos;ibar&apos;]/div[5]/div[3]/table/tbody/tr[2]/td[1]/div/div[2]}&#10;Session ID: 19162545-954f-40bb-bdb2-ee631fe1374e&#10;Driver info: org.openqa.selenium.firefox.FirefoxDriver&#10;Capabilities [{platform=WINDOWS, acceptSslCerts=true, javascriptEnabled=true, cssSelectorsEnabled=true, databaseEnabled=true, browserName=firefox, handlesAlerts=true, nativeEvents=false, webStorageEnabled=true, rotatable=false, locationContextEnabled=true, applicationCacheEnabled=true, takesScreenshot=true, version=40.0.3}]&#10;	at sun.reflect.NativeConstructorAccessorImpl.newInstance0(Native Method)&#10;	at sun.reflect.NativeConstructorAccessorImpl.newInstance(NativeConstructorAccessorImpl.java:57)&#10;	at sun.reflect.DelegatingConstructorAccessorImpl.newInstance(DelegatingConstructorAccessorImpl.java:45)&#10;	at java.lang.reflect.Constructor.newInstance(Constructor.java:526)&#10;	at org.openqa.selenium.remote.ErrorHandler.createThrowable(ErrorHandler.java:204)&#10;	at org.openqa.selenium.remote.ErrorHandler.throwIfResponseFailed(ErrorHandler.java:156)&#10;	at org.openqa.selenium.remote.RemoteWebDriver.execute(RemoteWebDriver.java:599)&#10;	at org.openqa.selenium.remote.RemoteWebDriver.findElement(RemoteWebDriver.java:352)&#10;	at org.openqa.selenium.remote.RemoteWebDriver.findElementByXPath(RemoteWebDriver.java:449)&#10;	at org.openqa.selenium.By$ByXPath.findElement(By.java:357)&#10;	at org.openqa.selenium.remote.RemoteWebDriver.findElement(RemoteWebDriver.java:344)&#10;	at report.test.TestBase.isElementPresentWithWait(TestBase.java:136)&#10;	at report.pages.ypDisplay.ypDisplayBottomSection(ypDisplay.java:166)&#10;	at report.test.Test_ypDisplay.ypDisplayBottomSectionTest(Test_ypDisplay.java:148)&#10;	at sun.reflect.NativeMethodAccessorImpl.invoke0(Native Method)&#10;	at sun.reflect.NativeMethodAccessorImpl.invoke(NativeMethodAccessorImpl.java:57)&#10;	at sun.reflect.DelegatingMethodAccessorImpl.invoke(DelegatingMethodAccessorImpl.java:43)&#10;	at java.lang.reflect.Method.invoke(Method.java:606)&#10;	at org.testng.internal.MethodInvocationHelper.invokeMethod(MethodInvocationHelper.java:85)&#10;	at org.testng.internal.Invoker.invokeMethod(Invoker.java:659)&#10;	at org.testng.internal.Invoker.invokeTestMethod(Invoker.java:845)&#10;	at org.testng.internal.Invoker.invokeTestMethods(Invoker.java:1153)&#10;	at org.testng.internal.TestMethodWorker.invokeTestMethods(TestMethodWorker.java:125)&#10;	at org.testng.internal.TestMethodWorker.run(TestMethodWorker.java:108)&#10;	at org.testng.TestRunner.privateRun(TestRunner.java:771)&#10;	at org.testng.TestRunner.run(TestRunner.java:621)&#10;	at org.testng.SuiteRunner.runTest(SuiteRunner.java:357)&#10;	at org.testng.SuiteRunner.runSequentially(SuiteRunner.java:352)&#10;	at org.testng.SuiteRunner.privateRun(SuiteRunner.java:310)&#10;	at org.testng.SuiteRunner.run(SuiteRunner.java:259)&#10;	at org.testng.SuiteRunnerWorker.runSuite(SuiteRunnerWorker.java:52)&#10;	at org.testng.SuiteRunnerWorker.run(SuiteRunnerWorker.java:86)&#10;	at org.testng.TestNG.runSuitesSequentially(TestNG.java:1199)&#10;	at org.testng.TestNG.runSuitesSequentially(TestNG.java:1195)&#10;	at org.testng.TestNG.runSuitesLocally(TestNG.java:1124)&#10;	at org.testng.TestNG.run(TestNG.java:1032)&#10;	at org.apache.maven.surefire.testng.TestNGExecutor.run(TestNGExecutor.java:295)&#10;	at org.apache.maven.surefire.testng.TestNGXmlTestSuite.execute(TestNGXmlTestSuite.java:84)&#10;	at org.apache.maven.surefire.testng.TestNGProvider.invoke(TestNGProvider.java:90)&#10;	at org.apache.maven.surefire.booter.ForkedBooter.invokeProviderInSameClassLoader(ForkedBooter.java:203)&#10;	at org.apache.maven.surefire.booter.ForkedBooter.runSuitesInProcess(ForkedBooter.java:155)&#10;	at org.apache.maven.surefire.booter.ForkedBooter.main(ForkedBooter.java:103)&#10;Caused by: org.openqa.selenium.NoSuchElementException: Unable to locate element: {&quot;method&quot;:&quot;xpath&quot;,&quot;selector&quot;:&quot;//*[@id=&apos;ibar&apos;]/div[5]/div[3]/table/tbody/tr[2]/td[1]/div/div[2]&quot;}&#10;For documentation on this error, please visit: http://seleniumhq.org/exceptions/no_such_element.html&#10;Build info: version: &apos;2.45.0&apos;, revision: &apos;5017cb8e7ca8e37638dc3091b2440b90a1d8686f&apos;, time: &apos;2015-02-27 09:10:26&apos;&#10;System info: host: &apos;CA04WLVA4652&apos;, ip: &apos;10.65.172.205&apos;, os.name: &apos;Windows 7&apos;, os.arch: &apos;amd64&apos;, os.version: &apos;6.1&apos;, java.version: &apos;1.7.0_79&apos;&#10;Driver info: driver.version: unknown&#10;	at &lt;anonymous class&gt;.FirefoxDriver.prototype.findElementInternal_(file:///C:/Windows/TEMP/anonymous45200382108589651webdriver-profile/extensions/fxdriver@googlecode.com/components/driver-component.js:10271)&#10;	at &lt;anonymous class&gt;.fxdriver.Timer.prototype.setTimeout/&lt;.notify(file:///C:/Windows/TEMP/anonymous45200382108589651webdriver-profile/extensions/fxdriver@googlecode.com/components/driver-component.js:603)&#10;nnFailure 6 of 15:njava.lang.AssertionError: expected [true] but found [false]&#10;	at org.testng.Assert.fail(Assert.java:94)&#10;	at org.testng.Assert.failNotEquals(Assert.java:496)&#10;	at org.testng.Assert.assertTrue(Assert.java:42)&#10;	at org.testng.Assert.assertTrue(Assert.java:52)&#10;	at report.pages.ypDisplay.ypDisplayBottomSection(ypDisplay.java:166)&#10;	at report.test.Test_ypDisplay.ypDisplayBottomSectionTest(Test_ypDisplay.java:148)&#10;	at sun.reflect.NativeMethodAccessorImpl.invoke0(Native Method)&#10;	at sun.reflect.NativeMethodAccessorImpl.invoke(NativeMethodAccessorImpl.java:57)&#10;	at sun.reflect.DelegatingMethodAccessorImpl.invoke(DelegatingMethodAccessorImpl.java:43)&#10;	at java.lang.reflect.Method.invoke(Method.java:606)&#10;	at org.testng.internal.MethodInvocationHelper.invokeMethod(MethodInvocationHelper.java:85)&#10;	at org.testng.internal.Invoker.invokeMethod(Invoker.java:659)&#10;	at org.testng.internal.Invoker.invokeTestMethod(Invoker.java:845)&#10;	at org.testng.internal.Invoker.invokeTestMethods(Invoker.java:1153)&#10;	at org.testng.internal.TestMethodWorker.invokeTestMethods(TestMethodWorker.java:125)&#10;	at org.testng.internal.TestMethodWorker.run(TestMethodWorker.java:108)&#10;	at org.testng.TestRunner.privateRun(TestRunner.java:771)&#10;	at org.testng.TestRunner.run(TestRunner.java:621)&#10;	at org.testng.SuiteRunner.runTest(SuiteRunner.java:357)&#10;	at org.testng.SuiteRunner.runSequentially(SuiteRunner.java:352)&#10;	at org.testng.SuiteRunner.privateRun(SuiteRunner.java:310)&#10;	at org.testng.SuiteRunner.run(SuiteRunner.java:259)&#10;	at org.testng.SuiteRunnerWorker.runSuite(SuiteRunnerWorker.java:52)&#10;	at org.testng.SuiteRunnerWorker.run(SuiteRunnerWorker.java:86)&#10;	at org.testng.TestNG.runSuitesSequentially(TestNG.java:1199)&#10;	at org.testng.TestNG.runSuitesSequentially(TestNG.java:1195)&#10;	at org.testng.TestNG.runSuitesLocally(TestNG.java:1124)&#10;	at org.testng.TestNG.run(TestNG.java:1032)&#10;	at org.apache.maven.surefire.testng.TestNGExecutor.run(TestNGExecutor.java:295)&#10;	at org.apache.maven.surefire.testng.TestNGXmlTestSuite.execute(TestNGXmlTestSuite.java:84)&#10;	at org.apache.maven.surefire.testng.TestNGProvider.invoke(TestNGProvider.java:90)&#10;	at org.apache.maven.surefire.booter.ForkedBooter.invokeProviderInSameClassLoader(ForkedBooter.java:203)&#10;	at org.apache.maven.surefire.booter.ForkedBooter.runSuitesInProcess(ForkedBooter.java:155)&#10;	at org.apache.maven.surefire.booter.ForkedBooter.main(ForkedBooter.java:103)&#10;nnFailure 7 of 15:norg.openqa.selenium.NoSuchElementException: Unable to locate element: {&quot;method&quot;:&quot;xpath&quot;,&quot;selector&quot;:&quot;//*[@id=&apos;ibar&apos;]/div[5]/div[3]/table/tbody/tr[2]/td[2]/div/div[2]&quot;}&#10;Command duration or timeout: 10.21 seconds&#10;For documentation on this error, please visit: http://seleniumhq.org/exceptions/no_such_element.html&#10;Build info: version: &apos;2.45.0&apos;, revision: &apos;5017cb8e7ca8e37638dc3091b2440b90a1d8686f&apos;, time: &apos;2015-02-27 09:10:26&apos;&#10;System info: host: &apos;CA04WLVA4652&apos;, ip: &apos;10.65.172.205&apos;, os.name: &apos;Windows 7&apos;, os.arch: &apos;amd64&apos;, os.version: &apos;6.1&apos;, java.version: &apos;1.7.0_79&apos;&#10;*** Element info: {Using=xpath, value=//*[@id=&apos;ibar&apos;]/div[5]/div[3]/table/tbody/tr[2]/td[2]/div/div[2]}&#10;Session ID: 19162545-954f-40bb-bdb2-ee631fe1374e&#10;Driver info: org.openqa.selenium.firefox.FirefoxDriver&#10;Capabilities [{platform=WINDOWS, acceptSslCerts=true, javascriptEnabled=true, cssSelectorsEnabled=true, databaseEnabled=true, browserName=firefox, handlesAlerts=true, nativeEvents=false, webStorageEnabled=true, rotatable=false, locationContextEnabled=true, applicationCacheEnabled=true, takesScreenshot=true, version=40.0.3}]&#10;	at sun.reflect.NativeConstructorAccessorImpl.newInstance0(Native Method)&#10;	at sun.reflect.NativeConstructorAccessorImpl.newInstance(NativeConstructorAccessorImpl.java:57)&#10;	at sun.reflect.DelegatingConstructorAccessorImpl.newInstance(DelegatingConstructorAccessorImpl.java:45)&#10;	at java.lang.reflect.Constructor.newInstance(Constructor.java:526)&#10;	at org.openqa.selenium.remote.ErrorHandler.createThrowable(ErrorHandler.java:204)&#10;	at org.openqa.selenium.remote.ErrorHandler.throwIfResponseFailed(ErrorHandler.java:156)&#10;	at org.openqa.selenium.remote.RemoteWebDriver.execute(RemoteWebDriver.java:599)&#10;	at org.openqa.selenium.remote.RemoteWebDriver.findElement(RemoteWebDriver.java:352)&#10;	at org.openqa.selenium.remote.RemoteWebDriver.findElementByXPath(RemoteWebDriver.java:449)&#10;	at org.openqa.selenium.By$ByXPath.findElement(By.java:357)&#10;	at org.openqa.selenium.remote.RemoteWebDriver.findElement(RemoteWebDriver.java:344)&#10;	at report.test.TestBase.isElementPresentWithWait(TestBase.java:136)&#10;	at report.pages.ypDisplay.ypDisplayBottomSection(ypDisplay.java:166)&#10;	at report.test.Test_ypDisplay.ypDisplayBottomSectionTest(Test_ypDisplay.java:148)&#10;	at sun.reflect.NativeMethodAccessorImpl.invoke0(Native Method)&#10;	at sun.reflect.NativeMethodAccessorImpl.invoke(NativeMethodAccessorImpl.java:57)&#10;	at sun.reflect.DelegatingMethodAccessorImpl.invoke(DelegatingMethodAccessorImpl.java:43)&#10;	at java.lang.reflect.Method.invoke(Method.java:606)&#10;	at org.testng.internal.MethodInvocationHelper.invokeMethod(MethodInvocationHelper.java:85)&#10;	at org.testng.internal.Invoker.invokeMethod(Invoker.java:659)&#10;	at org.testng.internal.Invoker.invokeTestMethod(Invoker.java:845)&#10;	at org.testng.internal.Invoker.invokeTestMethods(Invoker.java:1153)&#10;	at org.testng.internal.TestMethodWorker.invokeTestMethods(TestMethodWorker.java:125)&#10;	at org.testng.internal.TestMethodWorker.run(TestMethodWorker.java:108)&#10;	at org.testng.TestRunner.privateRun(TestRunner.java:771)&#10;	at org.testng.TestRunner.run(TestRunner.java:621)&#10;	at org.testng.SuiteRunner.runTest(SuiteRunner.java:357)&#10;	at org.testng.SuiteRunner.runSequentially(SuiteRunner.java:352)&#10;	at org.testng.SuiteRunner.privateRun(SuiteRunner.java:310)&#10;	at org.testng.SuiteRunner.run(SuiteRunner.java:259)&#10;	at org.testng.SuiteRunnerWorker.runSuite(SuiteRunnerWorker.java:52)&#10;	at org.testng.SuiteRunnerWorker.run(SuiteRunnerWorker.java:86)&#10;	at org.testng.TestNG.runSuitesSequentially(TestNG.java:1199)&#10;	at org.testng.TestNG.runSuitesSequentially(TestNG.java:1195)&#10;	at org.testng.TestNG.runSuitesLocally(TestNG.java:1124)&#10;	at org.testng.TestNG.run(TestNG.java:1032)&#10;	at org.apache.maven.surefire.testng.TestNGExecutor.run(TestNGExecutor.java:295)&#10;	at org.apache.maven.surefire.testng.TestNGXmlTestSuite.execute(TestNGXmlTestSuite.java:84)&#10;	at org.apache.maven.surefire.testng.TestNGProvider.invoke(TestNGProvider.java:90)&#10;	at org.apache.maven.surefire.booter.ForkedBooter.invokeProviderInSameClassLoader(ForkedBooter.java:203)&#10;	at org.apache.maven.surefire.booter.ForkedBooter.runSuitesInProcess(ForkedBooter.java:155)&#10;	at org.apache.maven.surefire.booter.ForkedBooter.main(ForkedBooter.java:103)&#10;Caused by: org.openqa.selenium.NoSuchElementException: Unable to locate element: {&quot;method&quot;:&quot;xpath&quot;,&quot;selector&quot;:&quot;//*[@id=&apos;ibar&apos;]/div[5]/div[3]/table/tbody/tr[2]/td[2]/div/div[2]&quot;}&#10;For documentation on this error, please visit: http://seleniumhq.org/exceptions/no_such_element.html&#10;Build info: version: &apos;2.45.0&apos;, revision: &apos;5017cb8e7ca8e37638dc3091b2440b90a1d8686f&apos;, time: &apos;2015-02-27 09:10:26&apos;&#10;System info: host: &apos;CA04WLVA4652&apos;, ip: &apos;10.65.172.205&apos;, os.name: &apos;Windows 7&apos;, os.arch: &apos;amd64&apos;, os.version: &apos;6.1&apos;, java.version: &apos;1.7.0_79&apos;&#10;Driver info: driver.version: unknown&#10;	at &lt;anonymous class&gt;.FirefoxDriver.prototype.findElementInternal_(file:///C:/Windows/TEMP/anonymous45200382108589651webdriver-profile/extensions/fxdriver@googlecode.com/components/driver-component.js:10271)&#10;	at &lt;anonymous class&gt;.fxdriver.Timer.prototype.setTimeout/&lt;.notify(file:///C:/Windows/TEMP/anonymous45200382108589651webdriver-profile/extensions/fxdriver@googlecode.com/components/driver-component.js:603)&#10;nnFailure 8 of 15:njava.lang.AssertionError: expected [true] but found [false]&#10;	at org.testng.Assert.fail(Assert.java:94)&#10;	at org.testng.Assert.failNotEquals(Assert.java:496)&#10;	at org.testng.Assert.assertTrue(Assert.java:42)&#10;	at org.testng.Assert.assertTrue(Assert.java:52)&#10;	at report.pages.ypDisplay.ypDisplayBottomSection(ypDisplay.java:166)&#10;	at report.test.Test_ypDisplay.ypDisplayBottomSectionTest(Test_ypDisplay.java:148)&#10;	at sun.reflect.NativeMethodAccessorImpl.invoke0(Native Method)&#10;	at sun.reflect.NativeMethodAccessorImpl.invoke(NativeMethodAccessorImpl.java:57)&#10;	at sun.reflect.DelegatingMethodAccessorImpl.invoke(DelegatingMethodAccessorImpl.java:43)&#10;	at java.lang.reflect.Method.invoke(Method.java:606)&#10;	at org.testng.internal.MethodInvocationHelper.invokeMethod(MethodInvocationHelper.java:85)&#10;	at org.testng.internal.Invoker.invokeMethod(Invoker.java:659)&#10;	at org.testng.internal.Invoker.invokeTestMethod(Invoker.java:845)&#10;	at org.testng.internal.Invoker.invokeTestMethods(Invoker.java:1153)&#10;	at org.testng.internal.TestMethodWorker.invokeTestMethods(TestMethodWorker.java:125)&#10;	at org.testng.internal.TestMethodWorker.run(TestMethodWorker.java:108)&#10;	at org.testng.TestRunner.privateRun(TestRunner.java:771)&#10;	at org.testng.TestRunner.run(TestRunner.java:621)&#10;	at org.testng.SuiteRunner.runTest(SuiteRunner.java:357)&#10;	at org.testng.SuiteRunner.runSequentially(SuiteRunner.java:352)&#10;	at org.testng.SuiteRunner.privateRun(SuiteRunner.java:310)&#10;	at org.testng.SuiteRunner.run(SuiteRunner.java:259)&#10;	at org.testng.SuiteRunnerWorker.runSuite(SuiteRunnerWorker.java:52)&#10;	at org.testng.SuiteRunnerWorker.run(SuiteRunnerWorker.java:86)&#10;	at org.testng.TestNG.runSuitesSequentially(TestNG.java:1199)&#10;	at org.testng.TestNG.runSuitesSequentially(TestNG.java:1195)&#10;	at org.testng.TestNG.runSuitesLocally(TestNG.java:1124)&#10;	at org.testng.TestNG.run(TestNG.java:1032)&#10;	at org.apache.maven.surefire.testng.TestNGExecutor.run(TestNGExecutor.java:295)&#10;	at org.apache.maven.surefire.testng.TestNGXmlTestSuite.execute(TestNGXmlTestSuite.java:84)&#10;	at org.apache.maven.surefire.testng.TestNGProvider.invoke(TestNGProvider.java:90)&#10;	at org.apache.maven.surefire.booter.ForkedBooter.invokeProviderInSameClassLoader(ForkedBooter.java:203)&#10;	at org.apache.maven.surefire.booter.ForkedBooter.runSuitesInProcess(ForkedBooter.java:155)&#10;	at org.apache.maven.surefire.booter.ForkedBooter.main(ForkedBooter.java:103)&#10;nnFailure 9 of 15:norg.openqa.selenium.NoSuchElementException: Unable to locate element: {&quot;method&quot;:&quot;xpath&quot;,&quot;selector&quot;:&quot;//*[@id=&apos;ibar&apos;]/div[5]/div[3]/table/tbody/tr[5]/td[1]/div/div[2]&quot;}&#10;Command duration or timeout: 10.10 seconds&#10;For documentation on this error, please visit: http://seleniumhq.org/exceptions/no_such_element.html&#10;Build info: version: &apos;2.45.0&apos;, revision: &apos;5017cb8e7ca8e37638dc3091b2440b90a1d8686f&apos;, time: &apos;2015-02-27 09:10:26&apos;&#10;System info: host: &apos;CA04WLVA4652&apos;, ip: &apos;10.65.172.205&apos;, os.name: &apos;Windows 7&apos;, os.arch: &apos;amd64&apos;, os.version: &apos;6.1&apos;, java.version: &apos;1.7.0_79&apos;&#10;*** Element info: {Using=xpath, value=//*[@id=&apos;ibar&apos;]/div[5]/div[3]/table/tbody/tr[5]/td[1]/div/div[2]}&#10;Session ID: 19162545-954f-40bb-bdb2-ee631fe1374e&#10;Driver info: org.openqa.selenium.firefox.FirefoxDriver&#10;Capabilities [{platform=WINDOWS, acceptSslCerts=true, javascriptEnabled=true, cssSelectorsEnabled=true, databaseEnabled=true, browserName=firefox, handlesAlerts=true, nativeEvents=false, webStorageEnabled=true, rotatable=false, locationContextEnabled=true, applicationCacheEnabled=true, takesScreenshot=true, version=40.0.3}]&#10;	at sun.reflect.NativeConstructorAccessorImpl.newInstance0(Native Method)&#10;	at sun.reflect.NativeConstructorAccessorImpl.newInstance(NativeConstructorAccessorImpl.java:57)&#10;	at sun.reflect.DelegatingConstructorAccessorImpl.newInstance(DelegatingConstructorAccessorImpl.java:45)&#10;	at java.lang.reflect.Constructor.newInstance(Constructor.java:526)&#10;	at org.openqa.selenium.remote.ErrorHandler.createThrowable(ErrorHandler.java:204)&#10;	at org.openqa.selenium.remote.ErrorHandler.throwIfResponseFailed(ErrorHandler.java:156)&#10;	at org.openqa.selenium.remote.RemoteWebDriver.execute(RemoteWebDriver.java:599)&#10;	at org.openqa.selenium.remote.RemoteWebDriver.findElement(RemoteWebDriver.java:352)&#10;	at org.openqa.selenium.remote.RemoteWebDriver.findElementByXPath(RemoteWebDriver.java:449)&#10;	at org.openqa.selenium.By$ByXPath.findElement(By.java:357)&#10;	at org.openqa.selenium.remote.RemoteWebDriver.findElement(RemoteWebDriver.java:344)&#10;	at report.test.TestBase.isElementPresentWithWait(TestBase.java:136)&#10;	at report.pages.ypDisplay.ypDisplayBottomSection(ypDisplay.java:166)&#10;	at report.test.Test_ypDisplay.ypDisplayBottomSectionTest(Test_ypDisplay.java:148)&#10;	at sun.reflect.NativeMethodAccessorImpl.invoke0(Native Method)&#10;	at sun.reflect.NativeMethodAccessorImpl.invoke(NativeMethodAccessorImpl.java:57)&#10;	at sun.reflect.DelegatingMethodAccessorImpl.invoke(DelegatingMethodAccessorImpl.java:43)&#10;	at java.lang.reflect.Method.invoke(Method.java:606)&#10;	at org.testng.internal.MethodInvocationHelper.invokeMethod(MethodInvocationHelper.java:85)&#10;	at org.testng.internal.Invoker.invokeMethod(Invoker.java:659)&#10;	at org.testng.internal.Invoker.invokeTestMethod(Invoker.java:845)&#10;	at org.testng.internal.Invoker.invokeTestMethods(Invoker.java:1153)&#10;	at org.testng.internal.TestMethodWorker.invokeTestMethods(TestMethodWorker.java:125)&#10;	at org.testng.internal.TestMethodWorker.run(TestMethodWorker.java:108)&#10;	at org.testng.TestRunner.privateRun(TestRunner.java:771)&#10;	at org.testng.TestRunner.run(TestRunner.java:621)&#10;	at org.testng.SuiteRunner.runTest(SuiteRunner.java:357)&#10;	at org.testng.SuiteRunner.runSequentially(SuiteRunner.java:352)&#10;	at org.testng.SuiteRunner.privateRun(SuiteRunner.java:310)&#10;	at org.testng.SuiteRunner.run(SuiteRunner.java:259)&#10;	at org.testng.SuiteRunnerWorker.runSuite(SuiteRunnerWorker.java:52)&#10;	at org.testng.SuiteRunnerWorker.run(SuiteRunnerWorker.java:86)&#10;	at org.testng.TestNG.runSuitesSequentially(TestNG.java:1199)&#10;	at org.testng.TestNG.runSuitesSequentially(TestNG.java:1195)&#10;	at org.testng.TestNG.runSuitesLocally(TestNG.java:1124)&#10;	at org.testng.TestNG.run(TestNG.java:1032)&#10;	at org.apache.maven.surefire.testng.TestNGExecutor.run(TestNGExecutor.java:295)&#10;	at org.apache.maven.surefire.testng.TestNGXmlTestSuite.execute(TestNGXmlTestSuite.java:84)&#10;	at org.apache.maven.surefire.testng.TestNGProvider.invoke(TestNGProvider.java:90)&#10;	at org.apache.maven.surefire.booter.ForkedBooter.invokeProviderInSameClassLoader(ForkedBooter.java:203)&#10;	at org.apache.maven.surefire.booter.ForkedBooter.runSuitesInProcess(ForkedBooter.java:155)&#10;	at org.apache.maven.surefire.booter.ForkedBooter.main(ForkedBooter.java:103)&#10;Caused by: org.openqa.selenium.NoSuchElementException: Unable to locate element: {&quot;method&quot;:&quot;xpath&quot;,&quot;selector&quot;:&quot;//*[@id=&apos;ibar&apos;]/div[5]/div[3]/table/tbody/tr[5]/td[1]/div/div[2]&quot;}&#10;For documentation on this error, please visit: http://seleniumhq.org/exceptions/no_such_element.html&#10;Build info: version: &apos;2.45.0&apos;, revision: &apos;5017cb8e7ca8e37638dc3091b2440b90a1d8686f&apos;, time: &apos;2015-02-27 09:10:26&apos;&#10;System info: host: &apos;CA04WLVA4652&apos;, ip: &apos;10.65.172.205&apos;, os.name: &apos;Windows 7&apos;, os.arch: &apos;amd64&apos;, os.version: &apos;6.1&apos;, java.version: &apos;1.7.0_79&apos;&#10;Driver info: driver.version: unknown&#10;	at &lt;anonymous class&gt;.FirefoxDriver.prototype.findElementInternal_(file:///C:/Windows/TEMP/anonymous45200382108589651webdriver-profile/extensions/fxdriver@googlecode.com/components/driver-component.js:10271)&#10;	at &lt;anonymous class&gt;.fxdriver.Timer.prototype.setTimeout/&lt;.notify(file:///C:/Windows/TEMP/anonymous45200382108589651webdriver-profile/extensions/fxdriver@googlecode.com/components/driver-component.js:603)&#10;nnFailure 10 of 15:njava.lang.AssertionError: expected [true] but found [false]&#10;	at org.testng.Assert.fail(Assert.java:94)&#10;	at org.testng.Assert.failNotEquals(Assert.java:496)&#10;	at org.testng.Assert.assertTrue(Assert.java:42)&#10;	at org.testng.Assert.assertTrue(Assert.java:52)&#10;	at report.pages.ypDisplay.ypDisplayBottomSection(ypDisplay.java:166)&#10;	at report.test.Test_ypDisplay.ypDisplayBottomSectionTest(Test_ypDisplay.java:148)&#10;	at sun.reflect.NativeMethodAccessorImpl.invoke0(Native Method)&#10;	at sun.reflect.NativeMethodAccessorImpl.invoke(NativeMethodAccessorImpl.java:57)&#10;	at sun.reflect.DelegatingMethodAccessorImpl.invoke(DelegatingMethodAccessorImpl.java:43)&#10;	at java.lang.reflect.Method.invoke(Method.java:606)&#10;	at org.testng.internal.MethodInvocationHelper.invokeMethod(MethodInvocationHelper.java:85)&#10;	at org.testng.internal.Invoker.invokeMethod(Invoker.java:659)&#10;	at org.testng.internal.Invoker.invokeTestMethod(Invoker.java:845)&#10;	at org.testng.internal.Invoker.invokeTestMethods(Invoker.java:1153)&#10;	at org.testng.internal.TestMethodWorker.invokeTestMethods(TestMethodWorker.java:125)&#10;	at org.testng.internal.TestMethodWorker.run(TestMethodWorker.java:108)&#10;	at org.testng.TestRunner.privateRun(TestRunner.java:771)&#10;	at org.testng.TestRunner.run(TestRunner.java:621)&#10;	at org.testng.SuiteRunner.runTest(SuiteRunner.java:357)&#10;	at org.testng.SuiteRunner.runSequentially(SuiteRunner.java:352)&#10;	at org.testng.SuiteRunner.privateRun(SuiteRunner.java:310)&#10;	at org.testng.SuiteRunner.run(SuiteRunner.java:259)&#10;	at org.testng.SuiteRunnerWorker.runSuite(SuiteRunnerWorker.java:52)&#10;	at org.testng.SuiteRunnerWorker.run(SuiteRunnerWorker.java:86)&#10;	at org.testng.TestNG.runSuitesSequentially(TestNG.java:1199)&#10;	at org.testng.TestNG.runSuitesSequentially(TestNG.java:1195)&#10;	at org.testng.TestNG.runSuitesLocally(TestNG.java:1124)&#10;	at org.testng.TestNG.run(TestNG.java:1032)&#10;	at org.apache.maven.surefire.testng.TestNGExecutor.run(TestNGExecutor.java:295)&#10;	at org.apache.maven.surefire.testng.TestNGXmlTestSuite.execute(TestNGXmlTestSuite.java:84)&#10;	at org.apache.maven.surefire.testng.TestNGProvider.invoke(TestNGProvider.java:90)&#10;	at org.apache.maven.surefire.booter.ForkedBooter.invokeProviderInSameClassLoader(ForkedBooter.java:203)&#10;	at org.apache.maven.surefire.booter.ForkedBooter.runSuitesInProcess(ForkedBooter.java:155)&#10;	at org.apache.maven.surefire.booter.ForkedBooter.main(ForkedBooter.java:103)&#10;nnFailure 11 of 15:norg.openqa.selenium.NoSuchElementException: Unable to locate element: {&quot;method&quot;:&quot;xpath&quot;,&quot;selector&quot;:&quot;//*[@id=&apos;ibar&apos;]/div[5]/div[3]/table/tbody/tr[2]/td[2]/div/div[2]&quot;}&#10;Command duration or timeout: 10.25 seconds&#10;For documentation on this error, please visit: http://seleniumhq.org/exceptions/no_such_element.html&#10;Build info: version: &apos;2.45.0&apos;, revision: &apos;5017cb8e7ca8e37638dc3091b2440b90a1d8686f&apos;, time: &apos;2015-02-27 09:10:26&apos;&#10;System info: host: &apos;CA04WLVA4652&apos;, ip: &apos;10.65.172.205&apos;, os.name: &apos;Windows 7&apos;, os.arch: &apos;amd64&apos;, os.version: &apos;6.1&apos;, java.version: &apos;1.7.0_79&apos;&#10;*** Element info: {Using=xpath, value=//*[@id=&apos;ibar&apos;]/div[5]/div[3]/table/tbody/tr[2]/td[2]/div/div[2]}&#10;Session ID: 19162545-954f-40bb-bdb2-ee631fe1374e&#10;Driver info: org.openqa.selenium.firefox.FirefoxDriver&#10;Capabilities [{platform=WINDOWS, acceptSslCerts=true, javascriptEnabled=true, cssSelectorsEnabled=true, databaseEnabled=true, browserName=firefox, handlesAlerts=true, nativeEvents=false, webStorageEnabled=true, rotatable=false, locationContextEnabled=true, applicationCacheEnabled=true, takesScreenshot=true, version=40.0.3}]&#10;	at sun.reflect.NativeConstructorAccessorImpl.newInstance0(Native Method)&#10;	at sun.reflect.NativeConstructorAccessorImpl.newInstance(NativeConstructorAccessorImpl.java:57)&#10;	at sun.reflect.DelegatingConstructorAccessorImpl.newInstance(DelegatingConstructorAccessorImpl.java:45)&#10;	at java.lang.reflect.Constructor.newInstance(Constructor.java:526)&#10;	at org.openqa.selenium.remote.ErrorHandler.createThrowable(ErrorHandler.java:204)&#10;	at org.openqa.selenium.remote.ErrorHandler.throwIfResponseFailed(ErrorHandler.java:156)&#10;	at org.openqa.selenium.remote.RemoteWebDriver.execute(RemoteWebDriver.java:599)&#10;	at org.openqa.selenium.remote.RemoteWebDriver.findElement(RemoteWebDriver.java:352)&#10;	at org.openqa.selenium.remote.RemoteWebDriver.findElementByXPath(RemoteWebDriver.java:449)&#10;	at org.openqa.selenium.By$ByXPath.findElement(By.java:357)&#10;	at org.openqa.selenium.remote.RemoteWebDriver.findElement(RemoteWebDriver.java:344)&#10;	at report.test.TestBase.isElementPresentWithWait(TestBase.java:136)&#10;	at report.pages.ypDisplay.ypDisplayBottomSection(ypDisplay.java:166)&#10;	at report.test.Test_ypDisplay.ypDisplayBottomSectionTest(Test_ypDisplay.java:148)&#10;	at sun.reflect.NativeMethodAccessorImpl.invoke0(Native Method)&#10;	at sun.reflect.NativeMethodAccessorImpl.invoke(NativeMethodAccessorImpl.java:57)&#10;	at sun.reflect.DelegatingMethodAccessorImpl.invoke(DelegatingMethodAccessorImpl.java:43)&#10;	at java.lang.reflect.Method.invoke(Method.java:606)&#10;	at org.testng.internal.MethodInvocationHelper.invokeMethod(MethodInvocationHelper.java:85)&#10;	at org.testng.internal.Invoker.invokeMethod(Invoker.java:659)&#10;	at org.testng.internal.Invoker.invokeTestMethod(Invoker.java:845)&#10;	at org.testng.internal.Invoker.invokeTestMethods(Invoker.java:1153)&#10;	at org.testng.internal.TestMethodWorker.invokeTestMethods(TestMethodWorker.java:125)&#10;	at org.testng.internal.TestMethodWorker.run(TestMethodWorker.java:108)&#10;	at org.testng.TestRunner.privateRun(TestRunner.java:771)&#10;	at org.testng.TestRunner.run(TestRunner.java:621)&#10;	at org.testng.SuiteRunner.runTest(SuiteRunner.java:357)&#10;	at org.testng.SuiteRunner.runSequentially(SuiteRunner.java:352)&#10;	at org.testng.SuiteRunner.privateRun(SuiteRunner.java:310)&#10;	at org.testng.SuiteRunner.run(SuiteRunner.java:259)&#10;	at org.testng.SuiteRunnerWorker.runSuite(SuiteRunnerWorker.java:52)&#10;	at org.testng.SuiteRunnerWorker.run(SuiteRunnerWorker.java:86)&#10;	at org.testng.TestNG.runSuitesSequentially(TestNG.java:1199)&#10;	at org.testng.TestNG.runSuitesSequentially(TestNG.java:1195)&#10;	at org.testng.TestNG.runSuitesLocally(TestNG.java:1124)&#10;	at org.testng.TestNG.run(TestNG.java:1032)&#10;	at org.apache.maven.surefire.testng.TestNGExecutor.run(TestNGExecutor.java:295)&#10;	at org.apache.maven.surefire.testng.TestNGXmlTestSuite.execute(TestNGXmlTestSuite.java:84)&#10;	at org.apache.maven.surefire.testng.TestNGProvider.invoke(TestNGProvider.java:90)&#10;	at org.apache.maven.surefire.booter.ForkedBooter.invokeProviderInSameClassLoader(ForkedBooter.java:203)&#10;	at org.apache.maven.surefire.booter.ForkedBooter.runSuitesInProcess(ForkedBooter.java:155)&#10;	at org.apache.maven.surefire.booter.ForkedBooter.main(ForkedBooter.java:103)&#10;Caused by: org.openqa.selenium.NoSuchElementException: Unable to locate element: {&quot;method&quot;:&quot;xpath&quot;,&quot;selector&quot;:&quot;//*[@id=&apos;ibar&apos;]/div[5]/div[3]/table/tbody/tr[2]/td[2]/div/div[2]&quot;}&#10;For documentation on this error, please visit: http://seleniumhq.org/exceptions/no_such_element.html&#10;Build info: version: &apos;2.45.0&apos;, revision: &apos;5017cb8e7ca8e37638dc3091b2440b90a1d8686f&apos;, time: &apos;2015-02-27 09:10:26&apos;&#10;System info: host: &apos;CA04WLVA4652&apos;, ip: &apos;10.65.172.205&apos;, os.name: &apos;Windows 7&apos;, os.arch: &apos;amd64&apos;, os.version: &apos;6.1&apos;, java.version: &apos;1.7.0_79&apos;&#10;Driver info: driver.version: unknown&#10;	at &lt;anonymous class&gt;.FirefoxDriver.prototype.findElementInternal_(file:///C:/Windows/TEMP/anonymous45200382108589651webdriver-profile/extensions/fxdriver@googlecode.com/components/driver-component.js:10271)&#10;	at &lt;anonymous class&gt;.fxdriver.Timer.prototype.setTimeout/&lt;.notify(file:///C:/Windows/TEMP/anonymous45200382108589651webdriver-profile/extensions/fxdriver@googlecode.com/components/driver-component.js:603)&#10;nnFailure 12 of 15:njava.lang.AssertionError: expected [true] but found [false]&#10;	at org.testng.Assert.fail(Assert.java:94)&#10;	at org.testng.Assert.failNotEquals(Assert.java:496)&#10;	at org.testng.Assert.assertTrue(Assert.java:42)&#10;	at org.testng.Assert.assertTrue(Assert.java:52)&#10;	at report.pages.ypDisplay.ypDisplayBottomSection(ypDisplay.java:166)&#10;	at report.test.Test_ypDisplay.ypDisplayBottomSectionTest(Test_ypDisplay.java:148)&#10;	at sun.reflect.NativeMethodAccessorImpl.invoke0(Native Method)&#10;	at sun.reflect.NativeMethodAccessorImpl.invoke(NativeMethodAccessorImpl.java:57)&#10;	at sun.reflect.DelegatingMethodAccessorImpl.invoke(DelegatingMethodAccessorImpl.java:43)&#10;	at java.lang.reflect.Method.invoke(Method.java:606)&#10;	at org.testng.internal.MethodInvocationHelper.invokeMethod(MethodInvocationHelper.java:85)&#10;	at org.testng.internal.Invoker.invokeMethod(Invoker.java:659)&#10;	at org.testng.internal.Invoker.invokeTestMethod(Invoker.java:845)&#10;	at org.testng.internal.Invoker.invokeTestMethods(Invoker.java:1153)&#10;	at org.testng.internal.TestMethodWorker.invokeTestMethods(TestMethodWorker.java:125)&#10;	at org.testng.internal.TestMethodWorker.run(TestMethodWorker.java:108)&#10;	at org.testng.TestRunner.privateRun(TestRunner.java:771)&#10;	at org.testng.TestRunner.run(TestRunner.java:621)&#10;	at org.testng.SuiteRunner.runTest(SuiteRunner.java:357)&#10;	at org.testng.SuiteRunner.runSequentially(SuiteRunner.java:352)&#10;	at org.testng.SuiteRunner.privateRun(SuiteRunner.java:310)&#10;	at org.testng.SuiteRunner.run(SuiteRunner.java:259)&#10;	at org.testng.SuiteRunnerWorker.runSuite(SuiteRunnerWorker.java:52)&#10;	at org.testng.SuiteRunnerWorker.run(SuiteRunnerWorker.java:86)&#10;	at org.testng.TestNG.runSuitesSequentially(TestNG.java:1199)&#10;	at org.testng.TestNG.runSuitesSequentially(TestNG.java:1195)&#10;	at org.testng.TestNG.runSuitesLocally(TestNG.java:1124)&#10;	at org.testng.TestNG.run(TestNG.java:1032)&#10;	at org.apache.maven.surefire.testng.TestNGExecutor.run(TestNGExecutor.java:295)&#10;	at org.apache.maven.surefire.testng.TestNGXmlTestSuite.execute(TestNGXmlTestSuite.java:84)&#10;	at org.apache.maven.surefire.testng.TestNGProvider.invoke(TestNGProvider.java:90)&#10;	at org.apache.maven.surefire.booter.ForkedBooter.invokeProviderInSameClassLoader(ForkedBooter.java:203)&#10;	at org.apache.maven.surefire.booter.ForkedBooter.runSuitesInProcess(ForkedBooter.java:155)&#10;	at org.apache.maven.surefire.booter.ForkedBooter.main(ForkedBooter.java:103)&#10;nnFailure 13 of 15:norg.openqa.selenium.NoSuchElementException: Unable to locate element: {&quot;method&quot;:&quot;xpath&quot;,&quot;selector&quot;:&quot;//*[@id=&apos;ibar&apos;]/div[5]/div[3]/table/tbody/tr[1]/td/h3&quot;}&#10;Command duration or timeout: 10.16 seconds&#10;For documentation on this error, please visit: http://seleniumhq.org/exceptions/no_such_element.html&#10;Build info: version: &apos;2.45.0&apos;, revision: &apos;5017cb8e7ca8e37638dc3091b2440b90a1d8686f&apos;, time: &apos;2015-02-27 09:10:26&apos;&#10;System info: host: &apos;CA04WLVA4652&apos;, ip: &apos;10.65.172.205&apos;, os.name: &apos;Windows 7&apos;, os.arch: &apos;amd64&apos;, os.version: &apos;6.1&apos;, java.version: &apos;1.7.0_79&apos;&#10;*** Element info: {Using=xpath, value=//*[@id=&apos;ibar&apos;]/div[5]/div[3]/table/tbody/tr[1]/td/h3}&#10;Session ID: 19162545-954f-40bb-bdb2-ee631fe1374e&#10;Driver info: org.openqa.selenium.firefox.FirefoxDriver&#10;Capabilities [{platform=WINDOWS, acceptSslCerts=true, javascriptEnabled=true, cssSelectorsEnabled=true, databaseEnabled=true, browserName=firefox, handlesAlerts=true, nativeEvents=false, webStorageEnabled=true, rotatable=false, locationContextEnabled=true, applicationCacheEnabled=true, takesScreenshot=true, version=40.0.3}]&#10;	at sun.reflect.NativeConstructorAccessorImpl.newInstance0(Native Method)&#10;	at sun.reflect.NativeConstructorAccessorImpl.newInstance(NativeConstructorAccessorImpl.java:57)&#10;	at sun.reflect.DelegatingConstructorAccessorImpl.newInstance(DelegatingConstructorAccessorImpl.java:45)&#10;	at java.lang.reflect.Constructor.newInstance(Constructor.java:526)&#10;	at org.openqa.selenium.remote.ErrorHandler.createThrowable(ErrorHandler.java:204)&#10;	at org.openqa.selenium.remote.ErrorHandler.throwIfResponseFailed(ErrorHandler.java:156)&#10;	at org.openqa.selenium.remote.RemoteWebDriver.execute(RemoteWebDriver.java:599)&#10;	at org.openqa.selenium.remote.RemoteWebDriver.findElement(RemoteWebDriver.java:352)&#10;	at org.openqa.selenium.remote.RemoteWebDriver.findElementByXPath(RemoteWebDriver.java:449)&#10;	at org.openqa.selenium.By$ByXPath.findElement(By.java:357)&#10;	at org.openqa.selenium.remote.RemoteWebDriver.findElement(RemoteWebDriver.java:344)&#10;	at report.test.TestBase.isElementPresentWithWait(TestBase.java:136)&#10;	at report.pages.ypDisplay.ypDisplayBottomSection(ypDisplay.java:166)&#10;	at report.test.Test_ypDisplay.ypDisplayBottomSectionTest(Test_ypDisplay.java:148)&#10;	at sun.reflect.NativeMethodAccessorImpl.invoke0(Native Method)&#10;	at sun.reflect.NativeMethodAccessorImpl.invoke(NativeMethodAccessorImpl.java:57)&#10;	at sun.reflect.DelegatingMethodAccessorImpl.invoke(DelegatingMethodAccessorImpl.java:43)&#10;	at java.lang.reflect.Method.invoke(Method.java:606)&#10;	at org.testng.internal.MethodInvocationHelper.invokeMethod(MethodInvocationHelper.java:85)&#10;	at org.testng.internal.Invoker.invokeMethod(Invoker.java:659)&#10;	at org.testng.internal.Invoker.invokeTestMethod(Invoker.java:845)&#10;	at org.testng.internal.Invoker.invokeTestMethods(Invoker.java:1153)&#10;	at org.testng.internal.TestMethodWorker.invokeTestMethods(TestMethodWorker.java:125)&#10;	at org.testng.internal.TestMethodWorker.run(TestMethodWorker.java:108)&#10;	at org.testng.TestRunner.privateRun(TestRunner.java:771)&#10;	at org.testng.TestRunner.run(TestRunner.java:621)&#10;	at org.testng.SuiteRunner.runTest(SuiteRunner.java:357)&#10;	at org.testng.SuiteRunner.runSequentially(SuiteRunner.java:352)&#10;	at org.testng.SuiteRunner.privateRun(SuiteRunner.java:310)&#10;	at org.testng.SuiteRunner.run(SuiteRunner.java:259)&#10;	at org.testng.SuiteRunnerWorker.runSuite(SuiteRunnerWorker.java:52)&#10;	at org.testng.SuiteRunnerWorker.run(SuiteRunnerWorker.java:86)&#10;	at org.testng.TestNG.runSuitesSequentially(TestNG.java:1199)&#10;	at org.testng.TestNG.runSuitesSequentially(TestNG.java:1195)&#10;	at org.testng.TestNG.runSuitesLocally(TestNG.java:1124)&#10;	at org.testng.TestNG.run(TestNG.java:1032)&#10;	at org.apache.maven.surefire.testng.TestNGExecutor.run(TestNGExecutor.java:295)&#10;	at org.apache.maven.surefire.testng.TestNGXmlTestSuite.execute(TestNGXmlTestSuite.java:84)&#10;	at org.apache.maven.surefire.testng.TestNGProvider.invoke(TestNGProvider.java:90)&#10;	at org.apache.maven.surefire.booter.ForkedBooter.invokeProviderInSameClassLoader(ForkedBooter.java:203)&#10;	at org.apache.maven.surefire.booter.ForkedBooter.runSuitesInProcess(ForkedBooter.java:155)&#10;	at org.apache.maven.surefire.booter.ForkedBooter.main(ForkedBooter.java:103)&#10;Caused by: org.openqa.selenium.NoSuchElementException: Unable to locate element: {&quot;method&quot;:&quot;xpath&quot;,&quot;selector&quot;:&quot;//*[@id=&apos;ibar&apos;]/div[5]/div[3]/table/tbody/tr[1]/td/h3&quot;}&#10;For documentation on this error, please visit: http://seleniumhq.org/exceptions/no_such_element.html&#10;Build info: version: &apos;2.45.0&apos;, revision: &apos;5017cb8e7ca8e37638dc3091b2440b90a1d8686f&apos;, time: &apos;2015-02-27 09:10:26&apos;&#10;System info: host: &apos;CA04WLVA4652&apos;, ip: &apos;10.65.172.205&apos;, os.name: &apos;Windows 7&apos;, os.arch: &apos;amd64&apos;, os.version: &apos;6.1&apos;, java.version: &apos;1.7.0_79&apos;&#10;Driver info: driver.version: unknown&#10;	at &lt;anonymous class&gt;.FirefoxDriver.prototype.findElementInternal_(file:///C:/Windows/TEMP/anonymous45200382108589651webdriver-profile/extensions/fxdriver@googlecode.com/components/driver-component.js:10271)&#10;	at &lt;anonymous class&gt;.fxdriver.Timer.prototype.setTimeout/&lt;.notify(file:///C:/Windows/TEMP/anonymous45200382108589651webdriver-profile/extensions/fxdriver@googlecode.com/components/driver-component.js:603)&#10;nnFailure 14 of 15:njava.lang.AssertionError: expected [true] but found [false]&#10;	at org.testng.Assert.fail(Assert.java:94)&#10;	at org.testng.Assert.failNotEquals(Assert.java:496)&#10;	at org.testng.Assert.assertTrue(Assert.java:42)&#10;	at org.testng.Assert.assertTrue(Assert.java:52)&#10;	at report.pages.ypDisplay.ypDisplayBottomSection(ypDisplay.java:166)&#10;	at report.test.Test_ypDisplay.ypDisplayBottomSectionTest(Test_ypDisplay.java:148)&#10;	at sun.reflect.NativeMethodAccessorImpl.invoke0(Native Method)&#10;	at sun.reflect.NativeMethodAccessorImpl.invoke(NativeMethodAccessorImpl.java:57)&#10;	at sun.reflect.DelegatingMethodAccessorImpl.invoke(DelegatingMethodAccessorImpl.java:43)&#10;	at java.lang.reflect.Method.invoke(Method.java:606)&#10;	at org.testng.internal.MethodInvocationHelper.invokeMethod(MethodInvocationHelper.java:85)&#10;	at org.testng.internal.Invoker.invokeMethod(Invoker.java:659)&#10;	at org.testng.internal.Invoker.invokeTestMethod(Invoker.java:845)&#10;	at org.testng.internal.Invoker.invokeTestMethods(Invoker.java:1153)&#10;	at org.testng.internal.TestMethodWorker.invokeTestMethods(TestMethodWorker.java:125)&#10;	at org.testng.internal.TestMethodWorker.run(TestMethodWorker.java:108)&#10;	at org.testng.TestRunner.privateRun(TestRunner.java:771)&#10;	at org.testng.TestRunner.run(TestRunner.java:621)&#10;	at org.testng.SuiteRunner.runTest(SuiteRunner.java:357)&#10;	at org.testng.SuiteRunner.runSequentially(SuiteRunner.java:352)&#10;	at org.testng.SuiteRunner.privateRun(SuiteRunner.java:310)&#10;	at org.testng.SuiteRunner.run(SuiteRunner.java:259)&#10;	at org.testng.SuiteRunnerWorker.runSuite(SuiteRunnerWorker.java:52)&#10;	at org.testng.SuiteRunnerWorker.run(SuiteRunnerWorker.java:86)&#10;	at org.testng.TestNG.runSuitesSequentially(TestNG.java:1199)&#10;	at org.testng.TestNG.runSuitesSequentially(TestNG.java:1195)&#10;	at org.testng.TestNG.runSuitesLocally(TestNG.java:1124)&#10;	at org.testng.TestNG.run(TestNG.java:1032)&#10;	at org.apache.maven.surefire.testng.TestNGExecutor.run(TestNGExecutor.java:295)&#10;	at org.apache.maven.surefire.testng.TestNGXmlTestSuite.execute(TestNGXmlTestSuite.java:84)&#10;	at org.apache.maven.surefire.testng.TestNGProvider.invoke(TestNGProvider.java:90)&#10;	at org.apache.maven.surefire.booter.ForkedBooter.invokeProviderInSameClassLoader(ForkedBooter.java:203)&#10;	at org.apache.maven.surefire.booter.ForkedBooter.runSuitesInProcess(ForkedBooter.java:155)&#10;	at org.apache.maven.surefire.booter.ForkedBooter.main(ForkedBooter.java:103)&#10;nnFailure 15 of 15:njava.lang.AssertionError: All Assertions are met and elements are displayed expected [11] but found [4]" type="java.lang.Throwable"><![CDATA[java.lang.Throwable: Multiple failures (15):nnFailure 1 of 15:norg.openqa.selenium.NoSuchElementException: Unable to locate element: {"method":"xpath","selector":"//*[@id='ibar']/div[5]/div[3]/table/tbody/tr[4]/td/h3"}
Command duration or timeout: 10.19 seconds
For documentation on this error, please visit: http://seleniumhq.org/exceptions/no_such_element.html
Build info: version: '2.45.0', revision: '5017cb8e7ca8e37638dc3091b2440b90a1d8686f', time: '2015-02-27 09:10:26'
System info: host: 'CA04WLVA4652', ip: '10.65.172.205', os.name: 'Windows 7', os.arch: 'amd64', os.version: '6.1', java.version: '1.7.0_79'
*** Element info: {Using=xpath, value=//*[@id='ibar']/div[5]/div[3]/table/tbody/tr[4]/td/h3}
Session ID: 19162545-954f-40bb-bdb2-ee631fe1374e
Driver info: org.openqa.selenium.firefox.FirefoxDriver
Capabilities [{platform=WINDOWS, acceptSslCerts=true, javascriptEnabled=true, cssSelectorsEnabled=true, databaseEnabled=true, browserName=firefox, handlesAlerts=true, nativeEvents=false, webStorageEnabled=true, rotatable=false, locationContextEnabled=true, applicationCacheEnabled=true, takesScreenshot=true, version=40.0.3}]
	at sun.reflect.NativeConstructorAccessorImpl.newInstance0(Native Method)
	at sun.reflect.NativeConstructorAccessorImpl.newInstance(NativeConstructorAccessorImpl.java:57)
	at sun.reflect.DelegatingConstructorAccessorImpl.newInstance(DelegatingConstructorAccessorImpl.java:45)
	at java.lang.reflect.Constructor.newInstance(Constructor.java:526)
	at org.openqa.selenium.remote.ErrorHandler.createThrowable(ErrorHandler.java:204)
	at org.openqa.selenium.remote.ErrorHandler.throwIfResponseFailed(ErrorHandler.java:156)
	at org.openqa.selenium.remote.RemoteWebDriver.execute(RemoteWebDriver.java:599)
	at org.openqa.selenium.remote.RemoteWebDriver.findElement(RemoteWebDriver.java:352)
	at org.openqa.selenium.remote.RemoteWebDriver.findElementByXPath(RemoteWebDriver.java:449)
	at org.openqa.selenium.By$ByXPath.findElement(By.java:357)
	at org.openqa.selenium.remote.RemoteWebDriver.findElement(RemoteWebDriver.java:344)
	at report.test.TestBase.isElementPresentWithWait(TestBase.java:136)
	at report.pages.ypDisplay.ypDisplayBottomSection(ypDisplay.java:166)
	at report.test.Test_ypDisplay.ypDisplayBottomSectionTest(Test_ypDisplay.java:148)
	at sun.reflect.NativeMethodAccessorImpl.invoke0(Native Method)
	at sun.reflect.NativeMethodAccessorImpl.invoke(NativeMethodAccessorImpl.java:57)
	at sun.reflect.DelegatingMethodAccessorImpl.invoke(DelegatingMethodAccessorImpl.java:43)
	at java.lang.reflect.Method.invoke(Method.java:606)
	at org.testng.internal.MethodInvocationHelper.invokeMethod(MethodInvocationHelper.java:85)
	at org.testng.internal.Invoker.invokeMethod(Invoker.java:659)
	at org.testng.internal.Invoker.invokeTestMethod(Invoker.java:845)
	at org.testng.internal.Invoker.invokeTestMethods(Invoker.java:1153)
	at org.testng.internal.TestMethodWorker.invokeTestMethods(TestMethodWorker.java:125)
	at org.testng.internal.TestMethodWorker.run(TestMethodWorker.java:108)
	at org.testng.TestRunner.privateRun(TestRunner.java:771)
	at org.testng.TestRunner.run(TestRunner.java:621)
	at org.testng.SuiteRunner.runTest(SuiteRunner.java:357)
	at org.testng.SuiteRunner.runSequentially(SuiteRunner.java:352)
	at org.testng.SuiteRunner.privateRun(SuiteRunner.java:310)
	at org.testng.SuiteRunner.run(SuiteRunner.java:259)
	at org.testng.SuiteRunnerWorker.runSuite(SuiteRunnerWorker.java:52)
	at org.testng.SuiteRunnerWorker.run(SuiteRunnerWorker.java:86)
	at org.testng.TestNG.runSuitesSequentially(TestNG.java:1199)
	at org.testng.TestNG.runSuitesSequentially(TestNG.java:1195)
	at org.testng.TestNG.runSuitesLocally(TestNG.java:1124)
	at org.testng.TestNG.run(TestNG.java:1032)
	at org.apache.maven.surefire.testng.TestNGExecutor.run(TestNGExecutor.java:295)
	at org.apache.maven.surefire.testng.TestNGXmlTestSuite.execute(TestNGXmlTestSuite.java:84)
	at org.apache.maven.surefire.testng.TestNGProvider.invoke(TestNGProvider.java:90)
	at org.apache.maven.surefire.booter.ForkedBooter.invokeProviderInSameClassLoader(ForkedBooter.java:203)
	at org.apache.maven.surefire.booter.ForkedBooter.runSuitesInProcess(ForkedBooter.java:155)
	at org.apache.maven.surefire.booter.ForkedBooter.main(ForkedBooter.java:103)
Caused by: org.openqa.selenium.NoSuchElementException: Unable to locate element: {"method":"xpath","selector":"//*[@id='ibar']/div[5]/div[3]/table/tbody/tr[4]/td/h3"}
For documentation on this error, please visit: http://seleniumhq.org/exceptions/no_such_element.html
Build info: version: '2.45.0', revision: '5017cb8e7ca8e37638dc3091b2440b90a1d8686f', time: '2015-02-27 09:10:26'
System info: host: 'CA04WLVA4652', ip: '10.65.172.205', os.name: 'Windows 7', os.arch: 'amd64', os.version: '6.1', java.version: '1.7.0_79'
Driver info: driver.version: unknown
	at <anonymous class>.FirefoxDriver.prototype.findElementInternal_(file:///C:/Windows/TEMP/anonymous45200382108589651webdriver-profile/extensions/fxdriver@googlecode.com/components/driver-component.js:10271)
	at <anonymous class>.fxdriver.Timer.prototype.setTimeout/<.notify(file:///C:/Windows/TEMP/anonymous45200382108589651webdriver-profile/extensions/fxdriver@googlecode.com/components/driver-component.js:603)
nnFailure 2 of 15:njava.lang.AssertionError: expected [true] but found [false]
	at org.testng.Assert.fail(Assert.java:94)
	at org.testng.Assert.failNotEquals(Assert.java:496)
	at org.testng.Assert.assertTrue(Assert.java:42)
	at org.testng.Assert.assertTrue(Assert.java:52)
	at report.pages.ypDisplay.ypDisplayBottomSection(ypDisplay.java:166)
	at report.test.Test_ypDisplay.ypDisplayBottomSectionTest(Test_ypDisplay.java:148)
	at sun.reflect.NativeMethodAccessorImpl.invoke0(Native Method)
	at sun.reflect.NativeMethodAccessorImpl.invoke(NativeMethodAccessorImpl.java:57)
	at sun.reflect.DelegatingMethodAccessorImpl.invoke(DelegatingMethodAccessorImpl.java:43)
	at java.lang.reflect.Method.invoke(Method.java:606)
	at org.testng.internal.MethodInvocationHelper.invokeMethod(MethodInvocationHelper.java:85)
	at org.testng.internal.Invoker.invokeMethod(Invoker.java:659)
	at org.testng.internal.Invoker.invokeTestMethod(Invoker.java:845)
	at org.testng.internal.Invoker.invokeTestMethods(Invoker.java:1153)
	at org.testng.internal.TestMethodWorker.invokeTestMethods(TestMethodWorker.java:125)
	at org.testng.internal.TestMethodWorker.run(TestMethodWorker.java:108)
	at org.testng.TestRunner.privateRun(TestRunner.java:771)
	at org.testng.TestRunner.run(TestRunner.java:621)
	at org.testng.SuiteRunner.runTest(SuiteRunner.java:357)
	at org.testng.SuiteRunner.runSequentially(SuiteRunner.java:352)
	at org.testng.SuiteRunner.privateRun(SuiteRunner.java:310)
	at org.testng.SuiteRunner.run(SuiteRunner.java:259)
	at org.testng.SuiteRunnerWorker.runSuite(SuiteRunnerWorker.java:52)
	at org.testng.SuiteRunnerWorker.run(SuiteRunnerWorker.java:86)
	at org.testng.TestNG.runSuitesSequentially(TestNG.java:1199)
	at org.testng.TestNG.runSuitesSequentially(TestNG.java:1195)
	at org.testng.TestNG.runSuitesLocally(TestNG.java:1124)
	at org.testng.TestNG.run(TestNG.java:1032)
	at org.apache.maven.surefire.testng.TestNGExecutor.run(TestNGExecutor.java:295)
	at org.apache.maven.surefire.testng.TestNGXmlTestSuite.execute(TestNGXmlTestSuite.java:84)
	at org.apache.maven.surefire.testng.TestNGProvider.invoke(TestNGProvider.java:90)
	at org.apache.maven.surefire.booter.ForkedBooter.invokeProviderInSameClassLoader(ForkedBooter.java:203)
	at org.apache.maven.surefire.booter.ForkedBooter.runSuitesInProcess(ForkedBooter.java:155)
	at org.apache.maven.surefire.booter.ForkedBooter.main(ForkedBooter.java:103)
nnFailure 3 of 15:norg.openqa.selenium.NoSuchElementException: Unable to locate element: {"method":"xpath","selector":"//*[@id='ibar']/div[5]/div[3]/table/tbody/tr[5]/td[2]/div/div[2]"}
Command duration or timeout: 10.18 seconds
For documentation on this error, please visit: http://seleniumhq.org/exceptions/no_such_element.html
Build info: version: '2.45.0', revision: '5017cb8e7ca8e37638dc3091b2440b90a1d8686f', time: '2015-02-27 09:10:26'
System info: host: 'CA04WLVA4652', ip: '10.65.172.205', os.name: 'Windows 7', os.arch: 'amd64', os.version: '6.1', java.version: '1.7.0_79'
*** Element info: {Using=xpath, value=//*[@id='ibar']/div[5]/div[3]/table/tbody/tr[5]/td[2]/div/div[2]}
Session ID: 19162545-954f-40bb-bdb2-ee631fe1374e
Driver info: org.openqa.selenium.firefox.FirefoxDriver
Capabilities [{platform=WINDOWS, acceptSslCerts=true, javascriptEnabled=true, cssSelectorsEnabled=true, databaseEnabled=true, browserName=firefox, handlesAlerts=true, nativeEvents=false, webStorageEnabled=true, rotatable=false, locationContextEnabled=true, applicationCacheEnabled=true, takesScreenshot=true, version=40.0.3}]
	at sun.reflect.NativeConstructorAccessorImpl.newInstance0(Native Method)
	at sun.reflect.NativeConstructorAccessorImpl.newInstance(NativeConstructorAccessorImpl.java:57)
	at sun.reflect.DelegatingConstructorAccessorImpl.newInstance(DelegatingConstructorAccessorImpl.java:45)
	at java.lang.reflect.Constructor.newInstance(Constructor.java:526)
	at org.openqa.selenium.remote.ErrorHandler.createThrowable(ErrorHandler.java:204)
	at org.openqa.selenium.remote.ErrorHandler.throwIfResponseFailed(ErrorHandler.java:156)
	at org.openqa.selenium.remote.RemoteWebDriver.execute(RemoteWebDriver.java:599)
	at org.openqa.selenium.remote.RemoteWebDriver.findElement(RemoteWebDriver.java:352)
	at org.openqa.selenium.remote.RemoteWebDriver.findElementByXPath(RemoteWebDriver.java:449)
	at org.openqa.selenium.By$ByXPath.findElement(By.java:357)
	at org.openqa.selenium.remote.RemoteWebDriver.findElement(RemoteWebDriver.java:344)
	at report.test.TestBase.isElementPresentWithWait(TestBase.java:136)
	at report.pages.ypDisplay.ypDisplayBottomSection(ypDisplay.java:166)
	at report.test.Test_ypDisplay.ypDisplayBottomSectionTest(Test_ypDisplay.java:148)
	at sun.reflect.NativeMethodAccessorImpl.invoke0(Native Method)
	at sun.reflect.NativeMethodAccessorImpl.invoke(NativeMethodAccessorImpl.java:57)
	at sun.reflect.DelegatingMethodAccessorImpl.invoke(DelegatingMethodAccessorImpl.java:43)
	at java.lang.reflect.Method.invoke(Method.java:606)
	at org.testng.internal.MethodInvocationHelper.invokeMethod(MethodInvocationHelper.java:85)
	at org.testng.internal.Invoker.invokeMethod(Invoker.java:659)
	at org.testng.internal.Invoker.invokeTestMethod(Invoker.java:845)
	at org.testng.internal.Invoker.invokeTestMethods(Invoker.java:1153)
	at org.testng.internal.TestMethodWorker.invokeTestMethods(TestMethodWorker.java:125)
	at org.testng.internal.TestMethodWorker.run(TestMethodWorker.java:108)
	at org.testng.TestRunner.privateRun(TestRunner.java:771)
	at org.testng.TestRunner.run(TestRunner.java:621)
	at org.testng.SuiteRunner.runTest(SuiteRunner.java:357)
	at org.testng.SuiteRunner.runSequentially(SuiteRunner.java:352)
	at org.testng.SuiteRunner.privateRun(SuiteRunner.java:310)
	at org.testng.SuiteRunner.run(SuiteRunner.java:259)
	at org.testng.SuiteRunnerWorker.runSuite(SuiteRunnerWorker.java:52)
	at org.testng.SuiteRunnerWorker.run(SuiteRunnerWorker.java:86)
	at org.testng.TestNG.runSuitesSequentially(TestNG.java:1199)
	at org.testng.TestNG.runSuitesSequentially(TestNG.java:1195)
	at org.testng.TestNG.runSuitesLocally(TestNG.java:1124)
	at org.testng.TestNG.run(TestNG.java:1032)
	at org.apache.maven.surefire.testng.TestNGExecutor.run(TestNGExecutor.java:295)
	at org.apache.maven.surefire.testng.TestNGXmlTestSuite.execute(TestNGXmlTestSuite.java:84)
	at org.apache.maven.surefire.testng.TestNGProvider.invoke(TestNGProvider.java:90)
	at org.apache.maven.surefire.booter.ForkedBooter.invokeProviderInSameClassLoader(ForkedBooter.java:203)
	at org.apache.maven.surefire.booter.ForkedBooter.runSuitesInProcess(ForkedBooter.java:155)
	at org.apache.maven.surefire.booter.ForkedBooter.main(ForkedBooter.java:103)
Caused by: org.openqa.selenium.NoSuchElementException: Unable to locate element: {"method":"xpath","selector":"//*[@id='ibar']/div[5]/div[3]/table/tbody/tr[5]/td[2]/div/div[2]"}
For documentation on this error, please visit: http://seleniumhq.org/exceptions/no_such_element.html
Build info: version: '2.45.0', revision: '5017cb8e7ca8e37638dc3091b2440b90a1d8686f', time: '2015-02-27 09:10:26'
System info: host: 'CA04WLVA4652', ip: '10.65.172.205', os.name: 'Windows 7', os.arch: 'amd64', os.version: '6.1', java.version: '1.7.0_79'
Driver info: driver.version: unknown
	at <anonymous class>.FirefoxDriver.prototype.findElementInternal_(file:///C:/Windows/TEMP/anonymous45200382108589651webdriver-profile/extensions/fxdriver@googlecode.com/components/driver-component.js:10271)
	at <anonymous class>.fxdriver.Timer.prototype.setTimeout/<.notify(file:///C:/Windows/TEMP/anonymous45200382108589651webdriver-profile/extensions/fxdriver@googlecode.com/components/driver-component.js:603)
nnFailure 4 of 15:njava.lang.AssertionError: expected [true] but found [false]
	at org.testng.Assert.fail(Assert.java:94)
	at org.testng.Assert.failNotEquals(Assert.java:496)
	at org.testng.Assert.assertTrue(Assert.java:42)
	at org.testng.Assert.assertTrue(Assert.java:52)
	at report.pages.ypDisplay.ypDisplayBottomSection(ypDisplay.java:166)
	at report.test.Test_ypDisplay.ypDisplayBottomSectionTest(Test_ypDisplay.java:148)
	at sun.reflect.NativeMethodAccessorImpl.invoke0(Native Method)
	at sun.reflect.NativeMethodAccessorImpl.invoke(NativeMethodAccessorImpl.java:57)
	at sun.reflect.DelegatingMethodAccessorImpl.invoke(DelegatingMethodAccessorImpl.java:43)
	at java.lang.reflect.Method.invoke(Method.java:606)
	at org.testng.internal.MethodInvocationHelper.invokeMethod(MethodInvocationHelper.java:85)
	at org.testng.internal.Invoker.invokeMethod(Invoker.java:659)
	at org.testng.internal.Invoker.invokeTestMethod(Invoker.java:845)
	at org.testng.internal.Invoker.invokeTestMethods(Invoker.java:1153)
	at org.testng.internal.TestMethodWorker.invokeTestMethods(TestMethodWorker.java:125)
	at org.testng.internal.TestMethodWorker.run(TestMethodWorker.java:108)
	at org.testng.TestRunner.privateRun(TestRunner.java:771)
	at org.testng.TestRunner.run(TestRunner.java:621)
	at org.testng.SuiteRunner.runTest(SuiteRunner.java:357)
	at org.testng.SuiteRunner.runSequentially(SuiteRunner.java:352)
	at org.testng.SuiteRunner.privateRun(SuiteRunner.java:310)
	at org.testng.SuiteRunner.run(SuiteRunner.java:259)
	at org.testng.SuiteRunnerWorker.runSuite(SuiteRunnerWorker.java:52)
	at org.testng.SuiteRunnerWorker.run(SuiteRunnerWorker.java:86)
	at org.testng.TestNG.runSuitesSequentially(TestNG.java:1199)
	at org.testng.TestNG.runSuitesSequentially(TestNG.java:1195)
	at org.testng.TestNG.runSuitesLocally(TestNG.java:1124)
	at org.testng.TestNG.run(TestNG.java:1032)
	at org.apache.maven.surefire.testng.TestNGExecutor.run(TestNGExecutor.java:295)
	at org.apache.maven.surefire.testng.TestNGXmlTestSuite.execute(TestNGXmlTestSuite.java:84)
	at org.apache.maven.surefire.testng.TestNGProvider.invoke(TestNGProvider.java:90)
	at org.apache.maven.surefire.booter.ForkedBooter.invokeProviderInSameClassLoader(ForkedBooter.java:203)
	at org.apache.maven.surefire.booter.ForkedBooter.runSuitesInProcess(ForkedBooter.java:155)
	at org.apache.maven.surefire.booter.ForkedBooter.main(ForkedBooter.java:103)
nnFailure 5 of 15:norg.openqa.selenium.NoSuchElementException: Unable to locate element: {"method":"xpath","selector":"//*[@id='ibar']/div[5]/div[3]/table/tbody/tr[2]/td[1]/div/div[2]"}
Command duration or timeout: 10.14 seconds
For documentation on this error, please visit: http://seleniumhq.org/exceptions/no_such_element.html
Build info: version: '2.45.0', revision: '5017cb8e7ca8e37638dc3091b2440b90a1d8686f', time: '2015-02-27 09:10:26'
System info: host: 'CA04WLVA4652', ip: '10.65.172.205', os.name: 'Windows 7', os.arch: 'amd64', os.version: '6.1', java.version: '1.7.0_79'
*** Element info: {Using=xpath, value=//*[@id='ibar']/div[5]/div[3]/table/tbody/tr[2]/td[1]/div/div[2]}
Session ID: 19162545-954f-40bb-bdb2-ee631fe1374e
Driver info: org.openqa.selenium.firefox.FirefoxDriver
[...]
	at org.testng.SuiteRunner.runTest(SuiteRunner.java:357)
	at org.testng.SuiteRunner.runSequentially(SuiteRunner.java:352)
	at org.testng.SuiteRunner.privateRun(SuiteRunner.java:310)
	at org.testng.SuiteRunner.run(SuiteRunner.java:259)
	at org.testng.SuiteRunnerWorker.runSuite(SuiteRunnerWorker.java:52)
	at org.testng.SuiteRunnerWorker.run(SuiteRunnerWorker.java:86)
	at org.testng.TestNG.runSuitesSequentially(TestNG.java:1199)
	at org.testng.TestNG.runSuitesSequentially(TestNG.java:1195)
	at org.testng.TestNG.runSuitesLocally(TestNG.java:1124)
	at org.testng.TestNG.run(TestNG.java:1032)
	at org.apache.maven.surefire.testng.TestNGExecutor.run(TestNGExecutor.java:295)
	at org.apache.maven.surefire.testng.TestNGXmlTestSuite.execute(TestNGXmlTestSuite.java:84)
	at org.apache.maven.surefire.testng.TestNGProvider.invoke(TestNGProvider.java:90)
	at org.apache.maven.surefire.booter.ForkedBooter.invokeProviderInSameClassLoader(ForkedBooter.java:203)
	at org.apache.maven.surefire.booter.ForkedBooter.runSuitesInProcess(ForkedBooter.java:155)
	at org.apache.maven.surefire.booter.ForkedBooter.main(ForkedBooter.java:103)
Caused by: org.openqa.selenium.NoSuchElementException: Unable to locate element: {"method":"xpath","selector":"//*[@id='ibar']/div[5]/div[3]/table/tbody/tr[1]/td/h3"}
For documentation on this error, please visit: http://seleniumhq.org/exceptions/no_such_element.html
Build info: version: '2.45.0', revision: '5017cb8e7ca8e37638dc3091b2440b90a1d8686f', time: '2015-02-27 09:10:26'
System info: host: 'CA04WLVA4652', ip: '10.65.172.205', os.name: 'Windows 7', os.arch: 'amd64', os.version: '6.1', java.version: '1.7.0_79'
Driver info: driver.version: unknown
	at <anonymous class>.FirefoxDriver.prototype.findElementInternal_(file:///C:/Windows/TEMP/anonymous45200382108589651webdriver-profile/extensions/fxdriver@googlecode.com/components/driver-component.js:10271)
	at <anonymous class>.fxdriver.Timer.prototype.setTimeout/<.notify(file:///C:/Windows/TEMP/anonymous45200382108589651webdriver-profile/extensions/fxdriver@googlecode.com/components/driver-component.js:603)
nnFailure 14 of 15:njava.lang.AssertionError: expected [true] but found [false]
	at org.testng.Assert.fail(Assert.java:94)
	at org.testng.Assert.failNotEquals(Assert.java:496)
	at org.testng.Assert.assertTrue(Assert.java:42)
	at org.testng.Assert.assertTrue(Assert.java:52)
	at report.pages.ypDisplay.ypDisplayBottomSection(ypDisplay.java:166)
	at report.test.Test_ypDisplay.ypDisplayBottomSectionTest(Test_ypDisplay.java:148)
	at sun.reflect.NativeMethodAccessorImpl.invoke0(Native Method)
	at sun.reflect.NativeMethodAccessorImpl.invoke(NativeMethodAccessorImpl.java:57)
	at sun.reflect.DelegatingMethodAccessorImpl.invoke(DelegatingMethodAccessorImpl.java:43)
	at java.lang.reflect.Method.invoke(Method.java:606)
	at org.testng.internal.MethodInvocationHelper.invokeMethod(MethodInvocationHelper.java:85)
	at org.testng.internal.Invoker.invokeMethod(Invoker.java:659)
	at org.testng.internal.Invoker.invokeTestMethod(Invoker.java:845)
	at org.testng.internal.Invoker.invokeTestMethods(Invoker.java:1153)
	at org.testng.internal.TestMethodWorker.invokeTestMethods(TestMethodWorker.java:125)
	at org.testng.internal.TestMethodWorker.run(TestMethodWorker.java:108)
	at org.testng.TestRunner.privateRun(TestRunner.java:771)
	at org.testng.TestRunner.run(TestRunner.java:621)
	at org.testng.SuiteRunner.runTest(SuiteRunner.java:357)
	at org.testng.SuiteRunner.runSequentially(SuiteRunner.java:352)
	at org.testng.SuiteRunner.privateRun(SuiteRunner.java:310)
	at org.testng.SuiteRunner.run(SuiteRunner.java:259)
	at org.testng.SuiteRunnerWorker.runSuite(SuiteRunnerWorker.java:52)
	at org.testng.SuiteRunnerWorker.run(SuiteRunnerWorker.java:86)
	at org.testng.TestNG.runSuitesSequentially(TestNG.java:1199)
	at org.testng.TestNG.runSuitesSequentially(TestNG.java:1195)
	at org.testng.TestNG.runSuitesLocally(TestNG.java:1124)
	at org.testng.TestNG.run(TestNG.java:1032)
	at org.apache.maven.surefire.testng.TestNGExecutor.run(TestNGExecutor.java:295)
	at org.apache.maven.surefire.testng.TestNGXmlTestSuite.execute(TestNGXmlTestSuite.java:84)
	at org.apache.maven.surefire.testng.TestNGProvider.invoke(TestNGProvider.java:90)
	at org.apache.maven.surefire.booter.ForkedBooter.invokeProviderInSameClassLoader(ForkedBooter.java:203)
	at org.apache.maven.surefire.booter.ForkedBooter.runSuitesInProcess(ForkedBooter.java:155)
	at org.apache.maven.surefire.booter.ForkedBooter.main(ForkedBooter.java:103)
nnFailure 15 of 15:njava.lang.AssertionError: All Assertions are met and elements are displayed expected [11] but found [4]
	at org.testng.Assert.fail(Assert.java:94)
	at org.testng.Assert.failNotEquals(Assert.java:496)
	at org.testng.Assert.assertEquals(Assert.java:125)
	at org.testng.Assert.assertEquals(Assert.java:372)
	at report.test.Test_ypDisplay.ypDisplayBottomSectionTest(Test_ypDisplay.java:150)
]]></failure>
    <system-out><![CDATA[Success - ypDispalyOverviewTest
]]></system-out>
  </testcase>
  <testcase name="launchURLTestypWebsites" classname="report.test.Test_ypWebsite" time="52.284">
    <failure message="Multiple failures (2):nnFailure 1 of 2:norg.openqa.selenium.NoSuchElementException: Unable to locate element: {&quot;method&quot;:&quot;xpath&quot;,&quot;selector&quot;:&quot;//*[@id=&apos;dvSubNav&apos;]/img&quot;}&#10;Command duration or timeout: 10.18 seconds&#10;For documentation on this error, please visit: http://seleniumhq.org/exceptions/no_such_element.html&#10;Build info: version: &apos;2.45.0&apos;, revision: &apos;5017cb8e7ca8e37638dc3091b2440b90a1d8686f&apos;, time: &apos;2015-02-27 09:10:26&apos;&#10;System info: host: &apos;CA04WLVA4652&apos;, ip: &apos;10.65.172.205&apos;, os.name: &apos;Windows 7&apos;, os.arch: &apos;amd64&apos;, os.version: &apos;6.1&apos;, java.version: &apos;1.7.0_79&apos;&#10;*** Element info: {Using=xpath, value=//*[@id=&apos;dvSubNav&apos;]/img}&#10;Session ID: 19162545-954f-40bb-bdb2-ee631fe1374e&#10;Driver info: org.openqa.selenium.firefox.FirefoxDriver&#10;Capabilities [{platform=WINDOWS, acceptSslCerts=true, javascriptEnabled=true, cssSelectorsEnabled=true, databaseEnabled=true, browserName=firefox, handlesAlerts=true, nativeEvents=false, webStorageEnabled=true, rotatable=false, locationContextEnabled=true, applicationCacheEnabled=true, takesScreenshot=true, version=40.0.3}]&#10;	at sun.reflect.NativeConstructorAccessorImpl.newInstance0(Native Method)&#10;	at sun.reflect.NativeConstructorAccessorImpl.newInstance(NativeConstructorAccessorImpl.java:57)&#10;	at sun.reflect.DelegatingConstructorAccessorImpl.newInstance(DelegatingConstructorAccessorImpl.java:45)&#10;	at java.lang.reflect.Constructor.newInstance(Constructor.java:526)&#10;	at org.openqa.selenium.remote.ErrorHandler.createThrowable(ErrorHandler.java:204)&#10;	at org.openqa.selenium.remote.ErrorHandler.throwIfResponseFailed(ErrorHandler.java:156)&#10;	at org.openqa.selenium.remote.RemoteWebDriver.execute(RemoteWebDriver.java:599)&#10;	at org.openqa.selenium.remote.RemoteWebDriver.findElement(RemoteWebDriver.java:352)&#10;	at org.openqa.selenium.remote.RemoteWebDriver.findElementByXPath(RemoteWebDriver.java:449)&#10;	at org.openqa.selenium.By$ByXPath.findElement(By.java:357)&#10;	at org.openqa.selenium.remote.RemoteWebDriver.findElement(RemoteWebDriver.java:344)&#10;	at report.test.TestBase.isElementPresent(TestBase.java:123)&#10;	at report.pages.ypWebsites.launchURL(ypWebsites.java:91)&#10;	at report.test.Test_ypWebsite.launchURLTestypWebsites(Test_ypWebsite.java:80)&#10;	at sun.reflect.NativeMethodAccessorImpl.invoke0(Native Method)&#10;	at sun.reflect.NativeMethodAccessorImpl.invoke(NativeMethodAccessorImpl.java:57)&#10;	at sun.reflect.DelegatingMethodAccessorImpl.invoke(DelegatingMethodAccessorImpl.java:43)&#10;	at java.lang.reflect.Method.invoke(Method.java:606)&#10;	at org.testng.internal.MethodInvocationHelper.invokeMethod(MethodInvocationHelper.java:85)&#10;	at org.testng.internal.Invoker.invokeMethod(Invoker.java:659)&#10;	at org.testng.internal.Invoker.invokeTestMethod(Invoker.java:845)&#10;	at org.testng.internal.Invoker.invokeTestMethods(Invoker.java:1153)&#10;	at org.testng.internal.TestMethodWorker.invokeTestMethods(TestMethodWorker.java:125)&#10;	at org.testng.internal.TestMethodWorker.run(TestMethodWorker.java:108)&#10;	at org.testng.TestRunner.privateRun(TestRunner.java:771)&#10;	at org.testng.TestRunner.run(TestRunner.java:621)&#10;	at org.testng.SuiteRunner.runTest(SuiteRunner.java:357)&#10;	at org.testng.SuiteRunner.runSequentially(SuiteRunner.java:352)&#10;	at org.testng.SuiteRunner.privateRun(SuiteRunner.java:310)&#10;	at org.testng.SuiteRunner.run(SuiteRunner.java:259)&#10;	at org.testng.SuiteRunnerWorker.runSuite(SuiteRunnerWorker.java:52)&#10;	at org.testng.SuiteRunnerWorker.run(SuiteRunnerWorker.java:86)&#10;	at org.testng.TestNG.runSuitesSequentially(TestNG.java:1199)&#10;	at org.testng.TestNG.runSuitesSequentially(TestNG.java:1195)&#10;	at org.testng.TestNG.runSuitesLocally(TestNG.java:1124)&#10;	at org.testng.TestNG.run(TestNG.java:1032)&#10;	at org.apache.maven.surefire.testng.TestNGExecutor.run(TestNGExecutor.java:295)&#10;	at org.apache.maven.surefire.testng.TestNGXmlTestSuite.execute(TestNGXmlTestSuite.java:84)&#10;	at org.apache.maven.surefire.testng.TestNGProvider.invoke(TestNGProvider.java:90)&#10;	at org.apache.maven.surefire.booter.ForkedBooter.invokeProviderInSameClassLoader(ForkedBooter.java:203)&#10;	at org.apache.maven.surefire.booter.ForkedBooter.runSuitesInProcess(ForkedBooter.java:155)&#10;	at org.apache.maven.surefire.booter.ForkedBooter.main(ForkedBooter.java:103)&#10;Caused by: org.openqa.selenium.NoSuchElementException: Unable to locate element: {&quot;method&quot;:&quot;xpath&quot;,&quot;selector&quot;:&quot;//*[@id=&apos;dvSubNav&apos;]/img&quot;}&#10;For documentation on this error, please visit: http://seleniumhq.org/exceptions/no_such_element.html&#10;Build info: version: &apos;2.45.0&apos;, revision: &apos;5017cb8e7ca8e37638dc3091b2440b90a1d8686f&apos;, time: &apos;2015-02-27 09:10:26&apos;&#10;System info: host: &apos;CA04WLVA4652&apos;, ip: &apos;10.65.172.205&apos;, os.name: &apos;Windows 7&apos;, os.arch: &apos;amd64&apos;, os.version: &apos;6.1&apos;, java.version: &apos;1.7.0_79&apos;&#10;Driver info: driver.version: unknown&#10;	at &lt;anonymous class&gt;.FirefoxDriver.prototype.findElementInternal_(file:///C:/Windows/TEMP/anonymous45200382108589651webdriver-profile/extensions/fxdriver@googlecode.com/components/driver-component.js:10271)&#10;	at &lt;anonymous class&gt;.fxdriver.Timer.prototype.setTimeout/&lt;.notify(file:///C:/Windows/TEMP/anonymous45200382108589651webdriver-profile/extensions/fxdriver@googlecode.com/components/driver-component.js:603)&#10;nnFailure 2 of 2:norg.openqa.selenium.NoSuchElementException: Unable to locate element: {&quot;method&quot;:&quot;xpath&quot;,&quot;selector&quot;:&quot;html/body/div[1]/h2&quot;}&#10;Command duration or timeout: 10.19 seconds&#10;For documentation on this error, please visit: http://seleniumhq.org/exceptions/no_such_element.html&#10;Build info: version: &apos;2.45.0&apos;, revision: &apos;5017cb8e7ca8e37638dc3091b2440b90a1d8686f&apos;, time: &apos;2015-02-27 09:10:26&apos;&#10;System info: host: &apos;CA04WLVA4652&apos;, ip: &apos;10.65.172.205&apos;, os.name: &apos;Windows 7&apos;, os.arch: &apos;amd64&apos;, os.version: &apos;6.1&apos;, java.version: &apos;1.7.0_79&apos;&#10;*** Element info: {Using=xpath, value=html/body/div[1]/h2}&#10;Session ID: 19162545-954f-40bb-bdb2-ee631fe1374e&#10;Driver info: org.openqa.selenium.firefox.FirefoxDriver&#10;Capabilities [{platform=WINDOWS, acceptSslCerts=true, javascriptEnabled=true, cssSelectorsEnabled=true, databaseEnabled=true, browserName=firefox, handlesAlerts=true, nativeEvents=false, webStorageEnabled=true, rotatable=false, locationContextEnabled=true, applicationCacheEnabled=true, takesScreenshot=true, version=40.0.3}]" type="java.lang.Throwable"><![CDATA[java.lang.Throwable: Multiple failures (2):nnFailure 1 of 2:norg.openqa.selenium.NoSuchElementException: Unable to locate element: {"method":"xpath","selector":"//*[@id='dvSubNav']/img"}
Command duration or timeout: 10.18 seconds
For documentation on this error, please visit: http://seleniumhq.org/exceptions/no_such_element.html
Build info: version: '2.45.0', revision: '5017cb8e7ca8e37638dc3091b2440b90a1d8686f', time: '2015-02-27 09:10:26'
System info: host: 'CA04WLVA4652', ip: '10.65.172.205', os.name: 'Windows 7', os.arch: 'amd64', os.version: '6.1', java.version: '1.7.0_79'
*** Element info: {Using=xpath, value=//*[@id='dvSubNav']/img}
Session ID: 19162545-954f-40bb-bdb2-ee631fe1374e
Driver info: org.openqa.selenium.firefox.FirefoxDriver
Capabilities [{platform=WINDOWS, acceptSslCerts=true, javascriptEnabled=true, cssSelectorsEnabled=true, databaseEnabled=true, browserName=firefox, handlesAlerts=true, nativeEvents=false, webStorageEnabled=true, rotatable=false, locationContextEnabled=true, applicationCacheEnabled=true, takesScreenshot=true, version=40.0.3}]
	at sun.reflect.NativeConstructorAccessorImpl.newInstance0(Native Method)
	at sun.reflect.NativeConstructorAccessorImpl.newInstance(NativeConstructorAccessorImpl.java:57)
	at sun.reflect.DelegatingConstructorAccessorImpl.newInstance(DelegatingConstructorAccessorImpl.java:45)
	at java.lang.reflect.Constructor.newInstance(Constructor.java:526)
	at org.openqa.selenium.remote.ErrorHandler.createThrowable(ErrorHandler.java:204)
	at org.openqa.selenium.remote.ErrorHandler.throwIfResponseFailed(ErrorHandler.java:156)
	at org.openqa.selenium.remote.RemoteWebDriver.execute(RemoteWebDriver.java:599)
	at org.openqa.selenium.remote.RemoteWebDriver.findElement(RemoteWebDriver.java:352)
	at org.openqa.selenium.remote.RemoteWebDriver.findElementByXPath(RemoteWebDriver.java:449)
	at org.openqa.selenium.By$ByXPath.findElement(By.java:357)
	at org.openqa.selenium.remote.RemoteWebDriver.findElement(RemoteWebDriver.java:344)
	at report.test.TestBase.isElementPresent(TestBase.java:123)
	at report.pages.ypWebsites.launchURL(ypWebsites.java:91)
	at report.test.Test_ypWebsite.launchURLTestypWebsites(Test_ypWebsite.java:80)
	at sun.reflect.NativeMethodAccessorImpl.invoke0(Native Method)
	at sun.reflect.NativeMethodAccessorImpl.invoke(NativeMethodAccessorImpl.java:57)
	at sun.reflect.DelegatingMethodAccessorImpl.invoke(DelegatingMethodAccessorImpl.java:43)
	at java.lang.reflect.Method.invoke(Method.java:606)
	at org.testng.internal.MethodInvocationHelper.invokeMethod(MethodInvocationHelper.java:85)
	at org.testng.internal.Invoker.invokeMethod(Invoker.java:659)
	at org.testng.internal.Invoker.invokeTestMethod(Invoker.java:845)
	at org.testng.internal.Invoker.invokeTestMethods(Invoker.java:1153)
	at org.testng.internal.TestMethodWorker.invokeTestMethods(TestMethodWorker.java:125)
	at org.testng.internal.TestMethodWorker.run(TestMethodWorker.java:108)
	at org.testng.TestRunner.privateRun(TestRunner.java:771)
	at org.testng.TestRunner.run(TestRunner.java:621)
	at org.testng.SuiteRunner.runTest(SuiteRunner.java:357)
	at org.testng.SuiteRunner.runSequentially(SuiteRunner.java:352)
	at org.testng.SuiteRunner.privateRun(SuiteRunner.java:310)
	at org.testng.SuiteRunner.run(SuiteRunner.java:259)
	at org.testng.SuiteRunnerWorker.runSuite(SuiteRunnerWorker.java:52)
	at org.testng.SuiteRunnerWorker.run(SuiteRunnerWorker.java:86)
	at org.testng.TestNG.runSuitesSequentially(TestNG.java:1199)
	at org.testng.TestNG.runSuitesSequentially(TestNG.java:1195)
	at org.testng.TestNG.runSuitesLocally(TestNG.java:1124)
	at org.testng.TestNG.run(TestNG.java:1032)
	at org.apache.maven.surefire.testng.TestNGExecutor.run(TestNGExecutor.java:295)
	at org.apache.maven.surefire.testng.TestNGXmlTestSuite.execute(TestNGXmlTestSuite.java:84)
	at org.apache.maven.surefire.testng.TestNGProvider.invoke(TestNGProvider.java:90)
	at org.apache.maven.surefire.booter.ForkedBooter.invokeProviderInSameClassLoader(ForkedBooter.java:203)
	at org.apache.maven.surefire.booter.ForkedBooter.runSuitesInProcess(ForkedBooter.java:155)
	at org.apache.maven.surefire.booter.ForkedBooter.main(ForkedBooter.java:103)
Caused by: org.openqa.selenium.NoSuchElementException: Unable to locate element: {"method":"xpath","selector":"//*[@id='dvSubNav']/img"}
For documentation on this error, please visit: http://seleniumhq.org/exceptions/no_such_element.html
Build info: version: '2.45.0', revision: '5017cb8e7ca8e37638dc3091b2440b90a1d8686f', time: '2015-02-27 09:10:26'
System info: host: 'CA04WLVA4652', ip: '10.65.172.205', os.name: 'Windows 7', os.arch: 'amd64', os.version: '6.1', java.version: '1.7.0_79'
Driver info: driver.version: unknown
	at <anonymous class>.FirefoxDriver.prototype.findElementInternal_(file:///C:/Windows/TEMP/anonymous45200382108589651webdriver-profile/extensions/fxdriver@googlecode.com/components/driver-component.js:10271)
	at <anonymous class>.fxdriver.Timer.prototype.setTimeout/<.notify(file:///C:/Windows/TEMP/anonymous45200382108589651webdriver-profile/extensions/fxdriver@googlecode.com/components/driver-component.js:603)
nnFailure 2 of 2:norg.openqa.selenium.NoSuchElementException: Unable to locate element: {"method":"xpath","selector":"html/body/div[1]/h2"}
Command duration or timeout: 10.19 seconds
For documentation on this error, please visit: http://seleniumhq.org/exceptions/no_such_element.html
Build info: version: '2.45.0', revision: '5017cb8e7ca8e37638dc3091b2440b90a1d8686f', time: '2015-02-27 09:10:26'
System info: host: 'CA04WLVA4652', ip: '10.65.172.205', os.name: 'Windows 7', os.arch: 'amd64', os.version: '6.1', java.version: '1.7.0_79'
*** Element info: {Using=xpath, value=html/body/div[1]/h2}
Session ID: 19162545-954f-40bb-bdb2-ee631fe1374e
Driver info: org.openqa.selenium.firefox.FirefoxDriver
Capabilities [{platform=WINDOWS, acceptSslCerts=true, javascriptEnabled=true, cssSelectorsEnabled=true, databaseEnabled=true, browserName=firefox, handlesAlerts=true, nativeEvents=false, webStorageEnabled=true, rotatable=false, locationContextEnabled=true, applicationCacheEnabled=true, takesScreenshot=true, version=40.0.3}]
	at sun.reflect.NativeConstructorAccessorImpl.newInstance0(Native Method)
	at sun.reflect.NativeConstructorAccessorImpl.newInstance(NativeConstructorAccessorImpl.java:57)
	at sun.reflect.DelegatingConstructorAccessorImpl.newInstance(DelegatingConstructorAccessorImpl.java:45)
	at java.lang.reflect.Constructor.newInstance(Constructor.java:526)
	at org.openqa.selenium.remote.ErrorHandler.createThrowable(ErrorHandler.java:204)
	at org.openqa.selenium.remote.ErrorHandler.throwIfResponseFailed(ErrorHandler.java:156)
	at org.openqa.selenium.remote.RemoteWebDriver.execute(RemoteWebDriver.java:599)
	at org.openqa.selenium.remote.RemoteWebDriver.findElement(RemoteWebDriver.java:352)
	at org.openqa.selenium.remote.RemoteWebDriver.findElementByXPath(RemoteWebDriver.java:449)
	at org.openqa.selenium.By$ByXPath.findElement(By.java:357)
	at org.openqa.selenium.remote.RemoteWebDriver.findElement(RemoteWebDriver.java:344)
	at report.pages.ypWebsites.launchURL(ypWebsites.java:92)
	at report.test.Test_ypWebsite.launchURLTestypWebsites(Test_ypWebsite.java:80)
]]></failure>
    <system-out><![CDATA[Fail - ypDisplayBottomSectionTest
https://adsolutions.stage.yp.com/Account/MagicLogin?magicToken=48YGszzwuzpAa43O8aN6_YyYOQcAI6Wwo3aqZO2Q8wg4vz_9oUZ7FrIhpk5VOYY0uR
]]></system-out>
  </testcase>
  <testcase name="ypWebsitesOverviewTest" classname="report.test.Test_ypWebsite" time="0">
    <skipped/>
    <system-out><![CDATA[Fail - launchURLTestypWebsites
]]></system-out>
  </testcase>
  <testcase name="ypWebsitesBottomSectionTest" classname="report.test.Test_ypWebsite" time="0">
    <skipped/>
    <system-out><![CDATA[Skipped - ypWebsitesOverviewTest
]]></system-out>
  </testcase>
  <testcase name="launchURLTestypClicks" classname="report.test.Test_ypClicks" time="33.306"/>
  <testcase name="ypClicksOverviewTest" classname="report.test.Test_ypClicks" time="7.185"/>
</testsuite>