<?xml version="1.0" encoding="UTF-8"?>
<!-- Generated by org.testng.reporters.JUnitXMLReporter -->
<testsuite hostname="CA04WLVA4652" name="Call Cloud" tests="3" failures="0" timestamp="12 Aug 2015 22:43:46 GMT" time="17.293" errors="0">
  <testcase name="launchURLTest" time="10.709" classname="report.test.Test_ypLocalAds"/>
  <testcase name="ypLocalAdsOverviewTest" time="6.558" classname="report.test.Test_ypLocalAds"/>
  <testcase name="ypLocalAdsCallsTest" time="0.0" classname="report.test.Test_ypLocalAds"/>
</testsuite> <!-- Call Cloud -->
